INFO 2024-06-25 09:47:19,368 autoreload Watching for file changes with StatReloader
DEBUG 2024-06-25 09:47:19,370 autoreload Waiting for apps ready_event.
DEBUG 2024-06-25 09:47:19,545 autoreload Apps ready_event triggered. Sending autoreload_started signal.
DEBUG 2024-06-25 09:47:19,592 autoreload Watching dir C:\Users\User\Desktop\cakesTP\project\cakes\main\templates with glob **/*.
DEBUG 2024-06-25 09:47:19,592 autoreload Watching dir C:\Users\User\Desktop\cakesTP\locale with glob **/*.mo.
DEBUG 2024-06-25 09:47:19,593 autoreload Watching dir C:\Users\User\Desktop\cakesTP\project\cakes\main\locale with glob **/*.mo.
DEBUG 2024-06-25 09:47:19,681 utils (0.000) 
            SELECT name, type FROM sqlite_master
            WHERE type in ('table', 'view') AND NOT name='sqlite_sequence'
            ORDER BY name; args=None; alias=default
DEBUG 2024-06-25 09:47:19,721 utils (0.000) SELECT "django_migrations"."id", "django_migrations"."app", "django_migrations"."name", "django_migrations"."applied" FROM "django_migrations"; args=(); alias=default
DEBUG 2024-06-25 09:47:19,808 autoreload File C:\Users\User\Desktop\cakesTP\.venv\Lib\site-packages\sqlparse\filters\aligned_indent.py first seen with mtime 1718659991.85589
DEBUG 2024-06-25 09:47:19,809 autoreload File C:\Users\User\Desktop\cakesTP\.venv\Lib\site-packages\sqlparse\engine\grouping.py first seen with mtime 1718659991.85289
DEBUG 2024-06-25 09:47:19,809 autoreload File C:\Users\User\Desktop\cakesTP\.venv\Lib\site-packages\sqlparse\formatter.py first seen with mtime 1718659991.8468888
DEBUG 2024-06-25 09:47:19,809 autoreload File C:\Users\User\Desktop\cakesTP\.venv\Lib\site-packages\typing_extensions.py first seen with mtime 1718659991.7968745
DEBUG 2024-06-25 09:47:19,809 autoreload File C:\Users\User\Desktop\cakesTP\.venv\Lib\site-packages\django\contrib\auth\validators.py first seen with mtime 1718659993.594725
DEBUG 2024-06-25 09:47:19,809 autoreload File C:\Users\User\Desktop\cakesTP\.venv\Lib\site-packages\django\core\checks\translation.py first seen with mtime 1718659995.333321
DEBUG 2024-06-25 09:47:19,809 autoreload File C:\Users\User\Desktop\cakesTP\.venv\Lib\site-packages\django\db\migrations\__init__.py first seen with mtime 1718659995.4506838
DEBUG 2024-06-25 09:47:19,810 autoreload File C:\Users\User\Desktop\cakesTP\.venv\Lib\site-packages\django\core\__init__.py first seen with mtime 1718659995.3153172
DEBUG 2024-06-25 09:47:19,810 autoreload File C:\Users\User\Desktop\cakesTP\.venv\Lib\site-packages\django\db\migrations\state.py first seen with mtime 1718659995.4586854
DEBUG 2024-06-25 09:47:19,810 autoreload File C:\Users\User\Desktop\cakesTP\.venv\Lib\site-packages\rest_framework\metadata.py first seen with mtime 1718915696.101998
DEBUG 2024-06-25 09:47:19,810 autoreload File C:\Users\User\Desktop\cakesTP\.venv\Lib\site-packages\django\contrib\staticfiles\management\__init__.py first seen with mtime 1718659995.3102481
DEBUG 2024-06-25 09:47:19,810 autoreload File C:\Users\User\AppData\Local\Programs\Python\Python39\Lib\sqlite3\__init__.py first seen with mtime 1652795110.0
DEBUG 2024-06-25 09:47:19,810 autoreload File C:\Users\User\AppData\Local\Programs\Python\Python39\DLLs\_queue.pyd first seen with mtime 1652795162.0
DEBUG 2024-06-25 09:47:19,811 autoreload File C:\Users\User\AppData\Local\Programs\Python\Python39\Lib\os.py first seen with mtime 1652795110.0
DEBUG 2024-06-25 09:47:19,811 autoreload File C:\Users\User\Desktop\cakesTP\.venv\Lib\site-packages\django\dispatch\__init__.py first seen with mtime 1718659995.4997544
DEBUG 2024-06-25 09:47:19,811 autoreload File C:\Users\User\Desktop\cakesTP\.venv\Lib\site-packages\django\views\generic\__init__.py first seen with mtime 1718659995.65704
DEBUG 2024-06-25 09:47:19,811 autoreload File C:\Users\User\Desktop\cakesTP\.venv\Lib\site-packages\django\contrib\messages\storage\__init__.py first seen with mtime 1718659994.5721622
DEBUG 2024-06-25 09:47:19,811 autoreload File C:\Users\User\Desktop\cakesTP\.venv\Lib\site-packages\rest_framework\urlpatterns.py first seen with mtime 1718915696.1150012
DEBUG 2024-06-25 09:47:19,811 autoreload File C:\Users\User\AppData\Local\Programs\Python\Python39\DLLs\_sqlite3.pyd first seen with mtime 1652795162.0
DEBUG 2024-06-25 09:47:19,812 autoreload File C:\Users\User\AppData\Local\Programs\Python\Python39\Lib\base64.py first seen with mtime 1652795110.0
DEBUG 2024-06-25 09:47:19,812 autoreload File C:\Users\User\Desktop\cakesTP\.venv\Lib\site-packages\django\views\__init__.py first seen with mtime 1718659995.6470366
DEBUG 2024-06-25 09:47:19,812 autoreload File C:\Users\User\AppData\Local\Programs\Python\Python39\Lib\email\mime\nonmultipart.py first seen with mtime 1652795110.0
DEBUG 2024-06-25 09:47:19,812 autoreload File C:\Users\User\AppData\Local\Programs\Python\Python39\Lib\zoneinfo\_tzpath.py first seen with mtime 1652795112.0
DEBUG 2024-06-25 09:47:19,812 autoreload File C:\Users\User\AppData\Local\Programs\Python\Python39\Lib\quopri.py first seen with mtime 1652795110.0
DEBUG 2024-06-25 09:47:19,812 autoreload File C:\Users\User\Desktop\cakesTP\.venv\Lib\site-packages\django\http\multipartparser.py first seen with mtime 1718659995.5712292
DEBUG 2024-06-25 09:47:19,812 autoreload File C:\Users\User\AppData\Local\Programs\Python\Python39\Lib\platform.py first seen with mtime 1652795110.0
DEBUG 2024-06-25 09:47:19,813 autoreload File C:\Users\User\Desktop\cakesTP\.venv\Lib\site-packages\django\middleware\security.py first seen with mtime 1718659995.5792978
DEBUG 2024-06-25 09:47:19,813 autoreload File C:\Users\User\AppData\Local\Programs\Python\Python39\Lib\pathlib.py first seen with mtime 1652795110.0
DEBUG 2024-06-25 09:47:19,813 autoreload File C:\Users\User\AppData\Local\Programs\Python\Python39\Lib\signal.py first seen with mtime 1652795110.0
DEBUG 2024-06-25 09:47:19,813 autoreload File C:\Users\User\Desktop\cakesTP\.venv\Lib\site-packages\django\utils\translation\__init__.py first seen with mtime 1718659995.6430354
DEBUG 2024-06-25 09:47:19,813 autoreload File C:\Users\User\Desktop\cakesTP\.venv\Lib\site-packages\django\db\models\fields\__init__.py first seen with mtime 1718659995.4807496
DEBUG 2024-06-25 09:47:19,813 autoreload File C:\Users\User\AppData\Local\Programs\Python\Python39\Lib\lzma.py first seen with mtime 1652795110.0
DEBUG 2024-06-25 09:47:19,814 autoreload File C:\Users\User\Desktop\cakesTP\.venv\Lib\site-packages\django\db\transaction.py first seen with mtime 1718659995.388563
DEBUG 2024-06-25 09:47:19,814 autoreload File C:\Users\User\Desktop\cakesTP\.venv\Lib\site-packages\django\db\backends\sqlite3\creation.py first seen with mtime 1718659995.4466832
DEBUG 2024-06-25 09:47:19,814 autoreload File C:\Users\User\AppData\Local\Programs\Python\Python39\Lib\asyncio\sslproto.py first seen with mtime 1652795110.0
DEBUG 2024-06-25 09:47:19,814 autoreload File C:\Users\User\AppData\Local\Programs\Python\Python39\Lib\concurrent\__init__.py first seen with mtime 1652795110.0
DEBUG 2024-06-25 09:47:19,814 autoreload File C:\Users\User\Desktop\cakesTP\.venv\Lib\site-packages\django\core\checks\caches.py first seen with mtime 1718659995.328321
DEBUG 2024-06-25 09:47:19,814 autoreload File C:\Users\User\Desktop\cakesTP\.venv\Lib\site-packages\rest_framework\validators.py first seen with mtime 1718915696.1170025
DEBUG 2024-06-25 09:47:19,814 autoreload File C:\Users\User\Desktop\cakesTP\.venv\Lib\site-packages\django\core\files\storage\base.py first seen with mtime 1718659995.3444095
DEBUG 2024-06-25 09:47:19,815 autoreload File C:\Users\User\Desktop\cakesTP\.venv\Lib\site-packages\django\template\smartif.py first seen with mtime 1718659995.5904176
DEBUG 2024-06-25 09:47:19,815 autoreload File C:\Users\User\AppData\Local\Programs\Python\Python39\Lib\uu.py first seen with mtime 1652795112.0
DEBUG 2024-06-25 09:47:19,815 autoreload File C:\Users\User\AppData\Local\Programs\Python\Python39\Lib\http\__init__.py first seen with mtime 1652795110.0
DEBUG 2024-06-25 09:47:19,815 autoreload File C:\Users\User\Desktop\cakesTP\.venv\Lib\site-packages\rest_framework\permissions.py first seen with mtime 1718915696.1059988
DEBUG 2024-06-25 09:47:19,815 autoreload File C:\Users\User\Desktop\cakesTP\.venv\Lib\site-packages\django\db\models\fields\mixins.py first seen with mtime 1718659995.4827516
DEBUG 2024-06-25 09:47:19,816 autoreload File C:\Users\User\Desktop\cakesTP\.venv\Lib\site-packages\sqlparse\exceptions.py first seen with mtime 1718659991.8458881
DEBUG 2024-06-25 09:47:19,816 autoreload File C:\Users\User\Desktop\cakesTP\.venv\Lib\site-packages\django\db\models\constants.py first seen with mtime 1718659995.4687471
DEBUG 2024-06-25 09:47:19,816 autoreload File C:\Users\User\Desktop\cakesTP\.venv\Lib\site-packages\django\middleware\__init__.py first seen with mtime 1718659995.5732954
DEBUG 2024-06-25 09:47:19,816 autoreload File C:\Users\User\AppData\Local\Programs\Python\Python39\Lib\wsgiref\handlers.py first seen with mtime 1652795112.0
DEBUG 2024-06-25 09:47:19,816 autoreload File C:\Users\User\Desktop\cakesTP\.venv\Lib\site-packages\django\db\backends\base\schema.py first seen with mtime 1718659995.3965645
DEBUG 2024-06-25 09:47:19,816 autoreload File C:\Users\User\AppData\Local\Programs\Python\Python39\Lib\socket.py first seen with mtime 1652795110.0
DEBUG 2024-06-25 09:47:19,816 autoreload File C:\Users\User\AppData\Local\Programs\Python\Python39\Lib\email\__init__.py first seen with mtime 1652795110.0
DEBUG 2024-06-25 09:47:19,817 autoreload File C:\Users\User\AppData\Local\Programs\Python\Python39\Lib\_bootlocale.py first seen with mtime 1652795110.0
DEBUG 2024-06-25 09:47:19,817 autoreload File C:\Users\User\Desktop\cakesTP\.venv\Lib\site-packages\django\db\models\functions\mixins.py first seen with mtime 1718659995.4917536
DEBUG 2024-06-25 09:47:19,817 autoreload File C:\Users\User\Desktop\cakesTP\.venv\Lib\site-packages\django\contrib\contenttypes\models.py first seen with mtime 1718659993.7778375
DEBUG 2024-06-25 09:47:19,817 autoreload File C:\Users\User\Desktop\cakesTP\.venv\Lib\site-packages\django\db\models\fields\related_descriptors.py first seen with mtime 1718659995.4857512
DEBUG 2024-06-25 09:47:19,817 autoreload File C:\Users\User\Desktop\cakesTP\.venv\Lib\site-packages\django\contrib\auth\backends.py first seen with mtime 1718659993.5826888
DEBUG 2024-06-25 09:47:19,817 autoreload File C:\Users\User\Desktop\cakesTP\.venv\Lib\site-packages\django\core\handlers\base.py first seen with mtime 1718659995.3494105
DEBUG 2024-06-25 09:47:19,818 autoreload File C:\Users\User\Desktop\cakesTP\.venv\Lib\site-packages\django\db\backends\signals.py first seen with mtime 1718659995.3905635
DEBUG 2024-06-25 09:47:19,818 autoreload File C:\Users\User\Desktop\cakesTP\.venv\Lib\site-packages\django\views\decorators\cache.py first seen with mtime 1718659995.6510365
DEBUG 2024-06-25 09:47:19,818 autoreload File C:\Users\User\AppData\Local\Programs\Python\Python39\Lib\asyncio\windows_events.py first seen with mtime 1652795110.0
DEBUG 2024-06-25 09:47:19,818 autoreload File C:\Users\User\Desktop\cakesTP\.venv\Lib\site-packages\django\contrib\contenttypes\admin.py first seen with mtime 1718659993.774837
DEBUG 2024-06-25 09:47:19,818 autoreload File C:\Users\User\Desktop\cakesTP\.venv\Lib\site-packages\rest_framework\utils\field_mapping.py first seen with mtime 1718915696.309047
DEBUG 2024-06-25 09:47:19,818 autoreload File D:\Program Files\PyCharm 2023.3.2\plugins\python\helpers\pycharm_matplotlib_backend\sitecustomize.py first seen with mtime 1702993860.0
DEBUG 2024-06-25 09:47:19,818 autoreload File C:\Users\User\AppData\Local\Programs\Python\Python39\Lib\sre_compile.py first seen with mtime 1652795110.0
DEBUG 2024-06-25 09:47:19,819 autoreload File C:\Users\User\AppData\Local\Programs\Python\Python39\Lib\struct.py first seen with mtime 1652795110.0
DEBUG 2024-06-25 09:47:19,819 autoreload File C:\Users\User\Desktop\cakesTP\.venv\Lib\site-packages\django\core\management\commands\runserver.py first seen with mtime 1718659995.3744946
DEBUG 2024-06-25 09:47:19,819 autoreload File C:\Users\User\Desktop\cakesTP\.venv\Lib\site-packages\django\db\migrations\operations\models.py first seen with mtime 1718659995.4637463
DEBUG 2024-06-25 09:47:19,819 autoreload File C:\Users\User\Desktop\cakesTP\.venv\Lib\site-packages\django\db\models\manager.py first seen with mtime 1718659995.474749
DEBUG 2024-06-25 09:47:19,819 autoreload File C:\Users\User\Desktop\cakesTP\.venv\Lib\site-packages\django\template\defaulttags.py first seen with mtime 1718659995.584299
DEBUG 2024-06-25 09:47:19,819 autoreload File C:\Users\User\Desktop\cakesTP\.venv\Lib\site-packages\django\contrib\auth\middleware.py first seen with mtime 1718659993.5897243
DEBUG 2024-06-25 09:47:19,820 autoreload File C:\Users\User\Desktop\cakesTP\.venv\Lib\site-packages\sqlparse\keywords.py first seen with mtime 1718659991.8478887
DEBUG 2024-06-25 09:47:19,820 autoreload File C:\Users\User\AppData\Local\Programs\Python\Python39\Lib\traceback.py first seen with mtime 1652795112.0
DEBUG 2024-06-25 09:47:19,820 autoreload File C:\Users\User\AppData\Local\Programs\Python\Python39\Lib\string.py first seen with mtime 1652795110.0
DEBUG 2024-06-25 09:47:19,820 autoreload File C:\Users\User\AppData\Local\Programs\Python\Python39\Lib\email\feedparser.py first seen with mtime 1652795110.0
DEBUG 2024-06-25 09:47:19,820 autoreload File C:\Users\User\Desktop\cakesTP\project\cakes\cakes\settings.py first seen with mtime 1719296910.2973063
DEBUG 2024-06-25 09:47:19,820 autoreload File C:\Users\User\Desktop\cakesTP\.venv\Lib\site-packages\rest_framework\utils\json.py first seen with mtime 1718915696.3130453
DEBUG 2024-06-25 09:47:19,821 autoreload File C:\Users\User\AppData\Local\Programs\Python\Python39\Lib\multiprocessing\process.py first seen with mtime 1652795110.0
DEBUG 2024-06-25 09:47:19,821 autoreload File C:\Users\User\Desktop\cakesTP\.venv\Lib\site-packages\rest_framework\viewsets.py first seen with mtime 1718915696.1190035
DEBUG 2024-06-25 09:47:19,821 autoreload File C:\Users\User\AppData\Local\Programs\Python\Python39\Lib\json\encoder.py first seen with mtime 1652795110.0
DEBUG 2024-06-25 09:47:19,821 autoreload File C:\Users\User\Desktop\cakesTP\.venv\Lib\site-packages\django\templatetags\cache.py first seen with mtime 1718659995.5991335
DEBUG 2024-06-25 09:47:19,821 autoreload File C:\Users\User\AppData\Local\Programs\Python\Python39\DLLs\_zoneinfo.pyd first seen with mtime 1652795162.0
DEBUG 2024-06-25 09:47:19,821 autoreload File C:\Users\User\AppData\Local\Programs\Python\Python39\Lib\sre_parse.py first seen with mtime 1652795110.0
DEBUG 2024-06-25 09:47:19,821 autoreload File C:\Users\User\Desktop\cakesTP\.venv\Lib\site-packages\django\db\backends\base\__init__.py first seen with mtime 1718659995.392564
DEBUG 2024-06-25 09:47:19,821 autoreload File C:\Users\User\AppData\Local\Programs\Python\Python39\Lib\mimetypes.py first seen with mtime 1652795110.0
DEBUG 2024-06-25 09:47:19,822 autoreload File C:\Users\User\Desktop\cakesTP\.venv\Lib\site-packages\django\forms\fields.py first seen with mtime 1718659995.5037558
DEBUG 2024-06-25 09:47:19,822 autoreload File C:\Users\User\AppData\Local\Programs\Python\Python39\Lib\asyncio\windows_utils.py first seen with mtime 1652795110.0
DEBUG 2024-06-25 09:47:19,822 autoreload File C:\Users\User\Desktop\cakesTP\.venv\Lib\site-packages\rest_framework\utils\html.py first seen with mtime 1718915696.3110454
DEBUG 2024-06-25 09:47:19,822 autoreload File C:\Users\User\AppData\Local\Programs\Python\Python39\Lib\opcode.py first seen with mtime 1652795110.0
DEBUG 2024-06-25 09:47:19,822 autoreload File C:\Users\User\Desktop\cakesTP\.venv\Lib\site-packages\django\core\serializers\__init__.py first seen with mtime 1718659995.3814962
DEBUG 2024-06-25 09:47:19,822 autoreload File C:\Users\User\Desktop\cakesTP\.venv\Lib\site-packages\django\template\loaders\filesystem.py first seen with mtime 1718659995.5971022
DEBUG 2024-06-25 09:47:19,823 autoreload File C:\Users\User\AppData\Local\Programs\Python\Python39\Lib\inspect.py first seen with mtime 1652795110.0
DEBUG 2024-06-25 09:47:19,823 autoreload File C:\Users\User\AppData\Local\Programs\Python\Python39\Lib\email\headerregistry.py first seen with mtime 1652795110.0
DEBUG 2024-06-25 09:47:19,823 autoreload File C:\Users\User\AppData\Local\Programs\Python\Python39\Lib\asyncio\base_futures.py first seen with mtime 1652795110.0
DEBUG 2024-06-25 09:47:19,823 autoreload File C:\Users\User\Desktop\cakesTP\.venv\Lib\site-packages\django\core\management\__init__.py first seen with mtime 1718659995.3604133
DEBUG 2024-06-25 09:47:19,823 autoreload File C:\Users\User\Desktop\cakesTP\.venv\Lib\site-packages\django\utils\_os.py first seen with mtime 1718659995.6159172
DEBUG 2024-06-25 09:47:19,823 autoreload File C:\Users\User\AppData\Local\Programs\Python\Python39\Lib\email\header.py first seen with mtime 1652795110.0
DEBUG 2024-06-25 09:47:19,824 autoreload File C:\Users\User\Desktop\cakesTP\.venv\Lib\site-packages\django\db\models\sql\__init__.py first seen with mtime 1718659995.494754
DEBUG 2024-06-25 09:47:19,824 autoreload File C:\Users\User\AppData\Local\Programs\Python\Python39\Lib\asyncio\futures.py first seen with mtime 1652795110.0
DEBUG 2024-06-25 09:47:19,824 autoreload File C:\Users\User\Desktop\cakesTP\.venv\Lib\site-packages\django\core\files\uploadhandler.py first seen with mtime 1718659995.3424096
DEBUG 2024-06-25 09:47:19,824 autoreload File C:\Users\User\AppData\Local\Programs\Python\Python39\Lib\asyncio\selector_events.py first seen with mtime 1652795110.0
DEBUG 2024-06-25 09:47:19,824 autoreload File C:\Users\User\AppData\Local\Programs\Python\Python39\Lib\pprint.py first seen with mtime 1652795110.0
DEBUG 2024-06-25 09:47:19,824 autoreload File C:\Users\User\Desktop\cakesTP\.venv\Lib\site-packages\rest_framework\utils\urls.py first seen with mtime 1718915696.3170466
DEBUG 2024-06-25 09:47:19,825 autoreload File C:\Users\User\Desktop\cakesTP\.venv\Lib\site-packages\django\contrib\contenttypes\management\__init__.py first seen with mtime 1718659993.9600356
DEBUG 2024-06-25 09:47:19,825 autoreload File C:\Users\User\AppData\Local\Programs\Python\Python39\DLLs\_hashlib.pyd first seen with mtime 1652795162.0
DEBUG 2024-06-25 09:47:19,825 autoreload File C:\Users\User\AppData\Local\Programs\Python\Python39\Lib\dis.py first seen with mtime 1652795110.0
DEBUG 2024-06-25 09:47:19,825 autoreload File C:\Users\User\AppData\Local\Programs\Python\Python39\Lib\hmac.py first seen with mtime 1652795110.0
DEBUG 2024-06-25 09:47:19,825 autoreload File C:\Users\User\AppData\Local\Programs\Python\Python39\Lib\urllib\parse.py first seen with mtime 1652795112.0
DEBUG 2024-06-25 09:47:19,825 autoreload File C:\Users\User\Desktop\cakesTP\.venv\Lib\site-packages\django\urls\conf.py first seen with mtime 1718659995.6108174
DEBUG 2024-06-25 09:47:19,825 autoreload File C:\Users\User\AppData\Local\Programs\Python\Python39\Lib\urllib\__init__.py first seen with mtime 1652795112.0
DEBUG 2024-06-25 09:47:19,826 autoreload File C:\Users\User\Desktop\cakesTP\.venv\Lib\site-packages\rest_framework\utils\timezone.py first seen with mtime 1718915696.3160462
DEBUG 2024-06-25 09:47:19,826 autoreload File C:\Users\User\Desktop\cakesTP\.venv\Lib\site-packages\django\db\models\query_utils.py first seen with mtime 1718659995.4777513
DEBUG 2024-06-25 09:47:19,826 autoreload File C:\Users\User\AppData\Local\Programs\Python\Python39\Lib\functools.py first seen with mtime 1652795110.0
DEBUG 2024-06-25 09:47:19,826 autoreload File C:\Users\User\AppData\Local\Programs\Python\Python39\Lib\urllib\request.py first seen with mtime 1652795112.0
DEBUG 2024-06-25 09:47:19,826 autoreload File C:\Users\User\AppData\Local\Programs\Python\Python39\Lib\html\entities.py first seen with mtime 1652795110.0
DEBUG 2024-06-25 09:47:19,826 autoreload File C:\Users\User\Desktop\cakesTP\.venv\Lib\site-packages\django\contrib\admin\filters.py first seen with mtime 1718659992.8821573
DEBUG 2024-06-25 09:47:19,826 autoreload File C:\Users\User\Desktop\cakesTP\.venv\Lib\site-packages\django\contrib\sessions\middleware.py first seen with mtime 1718659994.913889
DEBUG 2024-06-25 09:47:19,827 autoreload File C:\Users\User\AppData\Local\Programs\Python\Python39\Lib\email\_parseaddr.py first seen with mtime 1652795110.0
DEBUG 2024-06-25 09:47:19,827 autoreload File C:\Users\User\Desktop\cakesTP\.venv\Lib\site-packages\django\contrib\contenttypes\forms.py first seen with mtime 1718659993.7768373
DEBUG 2024-06-25 09:47:19,827 autoreload File C:\Users\User\Desktop\cakesTP\.venv\Lib\site-packages\rest_framework\schemas\openapi.py first seen with mtime 1718915696.2170248
DEBUG 2024-06-25 09:47:19,827 autoreload File C:\Users\User\Desktop\cakesTP\.venv\Lib\site-packages\django\db\models\fields\reverse_related.py first seen with mtime 1718659995.4877553
DEBUG 2024-06-25 09:47:19,827 autoreload File C:\Users\User\Desktop\cakesTP\.venv\Lib\site-packages\django\core\files\__init__.py first seen with mtime 1718659995.338408
DEBUG 2024-06-25 09:47:19,827 autoreload File C:\Users\User\Desktop\cakesTP\.venv\Lib\site-packages\django\core\handlers\exception.py first seen with mtime 1718659995.3504112
DEBUG 2024-06-25 09:47:19,827 autoreload File C:\Users\User\Desktop\cakesTP\.venv\Lib\site-packages\django\views\csrf.py first seen with mtime 1718659995.6470366
DEBUG 2024-06-25 09:47:19,828 autoreload File C:\Users\User\AppData\Local\Programs\Python\Python39\Lib\email\quoprimime.py first seen with mtime 1652795110.0
DEBUG 2024-06-25 09:47:19,828 autoreload File C:\Users\User\Desktop\cakesTP\.venv\Lib\site-packages\django\views\debug.py first seen with mtime 1718659995.6480374
DEBUG 2024-06-25 09:47:19,828 autoreload File C:\Users\User\Desktop\cakesTP\.venv\Lib\site-packages\django\views\generic\list.py first seen with mtime 1718659995.6610396
DEBUG 2024-06-25 09:47:19,828 autoreload File C:\Users\User\Desktop\cakesTP\.venv\Lib\site-packages\django\contrib\sessions\base_session.py first seen with mtime 1718659994.9128323
DEBUG 2024-06-25 09:47:19,828 autoreload File C:\Users\User\Desktop\cakesTP\.venv\Lib\site-packages\rest_framework\reverse.py first seen with mtime 1718915696.1090002
DEBUG 2024-06-25 09:47:19,828 autoreload File C:\Users\User\AppData\Local\Programs\Python\Python39\Lib\encodings\utf_8.py first seen with mtime 1652795110.0
DEBUG 2024-06-25 09:47:19,828 autoreload File C:\Users\User\Desktop\cakesTP\.venv\Lib\site-packages\django\template\context.py first seen with mtime 1718659995.5822978
DEBUG 2024-06-25 09:47:19,829 autoreload File C:\Users\User\Desktop\cakesTP\.venv\Lib\site-packages\django\template\backends\django.py first seen with mtime 1718659995.5924733
DEBUG 2024-06-25 09:47:19,829 autoreload File C:\Users\User\Desktop\cakesTP\.venv\Lib\site-packages\django\contrib\staticfiles\__init__.py first seen with mtime 1718659995.3022466
DEBUG 2024-06-25 09:47:19,829 autoreload File C:\Users\User\Desktop\cakesTP\.venv\Lib\site-packages\django\contrib\staticfiles\finders.py first seen with mtime 1718659995.3042474
DEBUG 2024-06-25 09:47:19,829 autoreload File C:\Users\User\AppData\Local\Programs\Python\Python39\Lib\re.py first seen with mtime 1652795110.0
DEBUG 2024-06-25 09:47:19,829 autoreload File C:\Users\User\Desktop\cakesTP\project\cakes\main\__init__.py first seen with mtime 1718659537.1453445
DEBUG 2024-06-25 09:47:19,829 autoreload File C:\Users\User\Desktop\cakesTP\.venv\Lib\site-packages\django\utils\http.py first seen with mtime 1718659995.6309204
DEBUG 2024-06-25 09:47:19,829 autoreload File C:\Users\User\Desktop\cakesTP\.venv\Lib\site-packages\django\apps\__init__.py first seen with mtime 1718659992.5423453
DEBUG 2024-06-25 09:47:19,830 autoreload File C:\Users\User\Desktop\cakesTP\.venv\Lib\site-packages\django\db\backends\sqlite3\features.py first seen with mtime 1718659995.447683
DEBUG 2024-06-25 09:47:19,830 autoreload File C:\Users\User\Desktop\cakesTP\.venv\Lib\site-packages\django\forms\__init__.py first seen with mtime 1718659995.5017555
DEBUG 2024-06-25 09:47:19,830 autoreload File C:\Users\User\Desktop\cakesTP\.venv\Lib\site-packages\django\contrib\auth\__init__.py first seen with mtime 1718659993.58069
DEBUG 2024-06-25 09:47:19,830 autoreload File C:\Users\User\Desktop\cakesTP\.venv\Lib\site-packages\django\db\backends\sqlite3\introspection.py first seen with mtime 1718659995.4486835
DEBUG 2024-06-25 09:47:19,830 autoreload File C:\Users\User\AppData\Local\Programs\Python\Python39\Lib\asyncio\queues.py first seen with mtime 1652795110.0
DEBUG 2024-06-25 09:47:19,830 autoreload File C:\Users\User\Desktop\cakesTP\.venv\Lib\site-packages\django\template\exceptions.py first seen with mtime 1718659995.586303
DEBUG 2024-06-25 09:47:19,830 autoreload File C:\Users\User\Desktop\cakesTP\.venv\Lib\site-packages\django\db\models\sql\query.py first seen with mtime 1718659995.4977548
DEBUG 2024-06-25 09:47:19,831 autoreload File C:\Users\User\AppData\Local\Programs\Python\Python39\Lib\fractions.py first seen with mtime 1652795110.0
DEBUG 2024-06-25 09:47:19,832 autoreload File C:\Users\User\Desktop\cakesTP\.venv\Lib\site-packages\django\db\backends\sqlite3\operations.py first seen with mtime 1718659995.4486835
DEBUG 2024-06-25 09:47:19,832 autoreload File C:\Users\User\Desktop\cakesTP\.venv\Lib\site-packages\django\middleware\csrf.py first seen with mtime 1718659995.5762968
DEBUG 2024-06-25 09:47:19,832 autoreload File C:\Users\User\Desktop\cakesTP\.venv\Lib\site-packages\django\contrib\postgres\forms\array.py first seen with mtime 1718659994.5911658
DEBUG 2024-06-25 09:47:19,833 autoreload File C:\Users\User\Desktop\cakesTP\.venv\Lib\site-packages\django\contrib\messages\constants.py first seen with mtime 1718659994.5691614
DEBUG 2024-06-25 09:47:19,833 autoreload File C:\Users\User\Desktop\cakesTP\.venv\Lib\site-packages\django\templatetags\i18n.py first seen with mtime 1718659995.6001723
DEBUG 2024-06-25 09:47:19,833 autoreload File C:\Users\User\Desktop\cakesTP\.venv\Lib\site-packages\django\db\migrations\utils.py first seen with mtime 1718659995.4596853
DEBUG 2024-06-25 09:47:19,834 autoreload File C:\Users\User\Desktop\cakesTP\.venv\Lib\site-packages\django\template\loaders\base.py first seen with mtime 1718659995.5960789
DEBUG 2024-06-25 09:47:19,834 autoreload File C:\Users\User\AppData\Local\Programs\Python\Python39\Lib\calendar.py first seen with mtime 1652795110.0
DEBUG 2024-06-25 09:47:19,834 autoreload File C:\Users\User\AppData\Local\Programs\Python\Python39\Lib\asyncio\tasks.py first seen with mtime 1652795110.0
DEBUG 2024-06-25 09:47:19,834 autoreload File C:\Users\User\Desktop\cakesTP\.venv\Lib\site-packages\django\core\checks\urls.py first seen with mtime 1718659995.333321
DEBUG 2024-06-25 09:47:19,834 autoreload File C:\Users\User\AppData\Local\Programs\Python\Python39\Lib\email\generator.py first seen with mtime 1652795110.0
DEBUG 2024-06-25 09:47:19,834 autoreload File C:\Users\User\Desktop\cakesTP\.venv\Lib\site-packages\django\forms\formsets.py first seen with mtime 1718659995.504756
DEBUG 2024-06-25 09:47:19,834 autoreload File C:\Users\User\AppData\Local\Programs\Python\Python39\Lib\ast.py first seen with mtime 1652795110.0
DEBUG 2024-06-25 09:47:19,835 autoreload File C:\Users\User\Desktop\cakesTP\.venv\Lib\site-packages\rest_framework\response.py first seen with mtime 1718915696.1090002
DEBUG 2024-06-25 09:47:19,835 autoreload File C:\Users\User\Desktop\cakesTP\.venv\Lib\site-packages\django\contrib\admin\views\decorators.py first seen with mtime 1718659993.3805735
DEBUG 2024-06-25 09:47:19,835 autoreload File C:\Users\User\Desktop\cakesTP\.venv\Lib\site-packages\django\core\files\images.py first seen with mtime 1718659995.3394084
DEBUG 2024-06-25 09:47:19,835 autoreload File C:\Users\User\AppData\Local\Programs\Python\Python39\Lib\enum.py first seen with mtime 1652795110.0
DEBUG 2024-06-25 09:47:19,835 autoreload File C:\Users\User\Desktop\cakesTP\.venv\Lib\site-packages\django\contrib\admin\sites.py first seen with mtime 1718659992.8861668
DEBUG 2024-06-25 09:47:19,835 autoreload File C:\Users\User\Desktop\cakesTP\.venv\Lib\site-packages\django\urls\converters.py first seen with mtime 1718659995.6118176
DEBUG 2024-06-25 09:47:19,836 autoreload File C:\Users\User\AppData\Local\Programs\Python\Python39\DLLs\_lzma.pyd first seen with mtime 1652795162.0
DEBUG 2024-06-25 09:47:19,836 autoreload File C:\Users\User\AppData\Local\Programs\Python\Python39\Lib\numbers.py first seen with mtime 1652795110.0
DEBUG 2024-06-25 09:47:19,836 autoreload File C:\Users\User\Desktop\cakesTP\.venv\Lib\site-packages\rest_framework\utils\breadcrumbs.py first seen with mtime 1718915696.3080451
DEBUG 2024-06-25 09:47:19,836 autoreload File C:\Users\User\AppData\Local\Programs\Python\Python39\Lib\asyncio\base_events.py first seen with mtime 1652795110.0
DEBUG 2024-06-25 09:47:19,836 autoreload File C:\Users\User\AppData\Local\Programs\Python\Python39\Lib\socketserver.py first seen with mtime 1652795110.0
DEBUG 2024-06-25 09:47:19,836 autoreload File C:\Users\User\Desktop\cakesTP\.venv\Lib\site-packages\django\templatetags\tz.py first seen with mtime 1718659995.6022017
DEBUG 2024-06-25 09:47:19,837 autoreload File C:\Users\User\Desktop\cakesTP\.venv\Lib\site-packages\django\urls\resolvers.py first seen with mtime 1718659995.612872
DEBUG 2024-06-25 09:47:19,837 autoreload File C:\Users\User\Desktop\cakesTP\.venv\Lib\site-packages\django\template\loaders\app_directories.py first seen with mtime 1718659995.595565
DEBUG 2024-06-25 09:47:19,837 autoreload File C:\Users\User\Desktop\cakesTP\.venv\Lib\site-packages\django\db\models\fields\related_lookups.py first seen with mtime 1718659995.4867525
DEBUG 2024-06-25 09:47:19,837 autoreload File C:\Users\User\AppData\Local\Programs\Python\Python39\Lib\selectors.py first seen with mtime 1652795110.0
DEBUG 2024-06-25 09:47:19,837 autoreload File C:\Users\User\Desktop\cakesTP\.venv\Lib\site-packages\django\http\cookie.py first seen with mtime 1718659995.5712292
DEBUG 2024-06-25 09:47:19,837 autoreload File C:\Users\User\AppData\Local\Programs\Python\Python39\Lib\email\charset.py first seen with mtime 1652795110.0
DEBUG 2024-06-25 09:47:19,837 autoreload File C:\Users\User\Desktop\cakesTP\.venv\Lib\site-packages\django\core\checks\async_checks.py first seen with mtime 1718659995.328321
DEBUG 2024-06-25 09:47:19,838 autoreload File C:\Users\User\AppData\Local\Programs\Python\Python39\Lib\asyncio\log.py first seen with mtime 1652795110.0
DEBUG 2024-06-25 09:47:19,838 autoreload File C:\Users\User\AppData\Local\Programs\Python\Python39\Lib\zoneinfo\_common.py first seen with mtime 1652795112.0
DEBUG 2024-06-25 09:47:19,838 autoreload File C:\Users\User\Desktop\cakesTP\.venv\Lib\site-packages\django\utils\ipv6.py first seen with mtime 1718659995.6319208
DEBUG 2024-06-25 09:47:19,838 autoreload File C:\Users\User\Desktop\cakesTP\.venv\Lib\site-packages\django\db\backends\ddl_references.py first seen with mtime 1718659995.3905635
DEBUG 2024-06-25 09:47:19,838 autoreload File C:\Users\User\Desktop\cakesTP\.venv\Lib\site-packages\django\core\checks\compatibility\__init__.py first seen with mtime 1718659995.3343217
DEBUG 2024-06-25 09:47:19,838 autoreload File C:\Users\User\Desktop\cakesTP\.venv\Lib\site-packages\django\contrib\sessions\__init__.py first seen with mtime 1718659994.911832
DEBUG 2024-06-25 09:47:19,838 autoreload File C:\Users\User\AppData\Local\Programs\Python\Python39\Lib\asyncio\base_tasks.py first seen with mtime 1652795110.0
DEBUG 2024-06-25 09:47:19,839 autoreload File C:\Users\User\Desktop\cakesTP\.venv\Lib\site-packages\django\views\generic\base.py first seen with mtime 1718659995.6580396
DEBUG 2024-06-25 09:47:19,839 autoreload File C:\Users\User\Desktop\cakesTP\.venv\Lib\site-packages\django\db\models\__init__.py first seen with mtime 1718659995.4657476
DEBUG 2024-06-25 09:47:19,839 autoreload File C:\Users\User\Desktop\cakesTP\.venv\Lib\site-packages\django\contrib\staticfiles\views.py first seen with mtime 1718659995.3092475
DEBUG 2024-06-25 09:47:19,839 autoreload File C:\Users\User\Desktop\cakesTP\.venv\Lib\site-packages\django\contrib\messages\storage\base.py first seen with mtime 1718659994.5721622
DEBUG 2024-06-25 09:47:19,839 autoreload File C:\Users\User\Desktop\cakesTP\.venv\Lib\site-packages\django\utils\termcolors.py first seen with mtime 1718659995.6369212
DEBUG 2024-06-25 09:47:19,839 autoreload File C:\Users\User\AppData\Local\Programs\Python\Python39\Lib\abc.py first seen with mtime 1652795110.0
DEBUG 2024-06-25 09:47:19,839 autoreload File C:\Users\User\Desktop\cakesTP\.venv\Lib\site-packages\django\contrib\auth\tokens.py first seen with mtime 1718659993.592725
DEBUG 2024-06-25 09:47:19,840 autoreload File C:\Users\User\Desktop\cakesTP\.venv\Lib\site-packages\django\db\models\enums.py first seen with mtime 1718659995.4717486
DEBUG 2024-06-25 09:47:19,841 autoreload File C:\Users\User\Desktop\cakesTP\.venv\Lib\site-packages\django\views\generic\detail.py first seen with mtime 1718659995.6600392
DEBUG 2024-06-25 09:47:19,841 autoreload File C:\Users\User\AppData\Local\Programs\Python\Python39\Lib\email\mime\__init__.py first seen with mtime 1652795110.0
DEBUG 2024-06-25 09:47:19,842 autoreload File C:\Users\User\Desktop\cakesTP\.venv\Lib\site-packages\rest_framework\serializers.py first seen with mtime 1718915696.1110005
DEBUG 2024-06-25 09:47:19,842 autoreload File C:\Users\User\AppData\Local\Programs\Python\Python39\Lib\importlib\machinery.py first seen with mtime 1652795110.0
DEBUG 2024-06-25 09:47:19,842 autoreload File C:\Users\User\AppData\Local\Programs\Python\Python39\Lib\email\utils.py first seen with mtime 1652795110.0
DEBUG 2024-06-25 09:47:19,842 autoreload File C:\Users\User\Desktop\cakesTP\.venv\Lib\site-packages\django\utils\__init__.py first seen with mtime 1718659995.614917
DEBUG 2024-06-25 09:47:19,843 autoreload File C:\Users\User\AppData\Local\Programs\Python\Python39\Lib\contextvars.py first seen with mtime 1652795110.0
DEBUG 2024-06-25 09:47:19,843 autoreload File C:\Users\User\AppData\Local\Programs\Python\Python39\Lib\collections\abc.py first seen with mtime 1652795110.0
DEBUG 2024-06-25 09:47:19,843 autoreload File C:\Users\User\Desktop\cakesTP\.venv\Lib\site-packages\django\db\backends\sqlite3\_functions.py first seen with mtime 1718659995.4446826
DEBUG 2024-06-25 09:47:19,843 autoreload File C:\Users\User\Desktop\cakesTP\.venv\Lib\site-packages\django\core\serializers\python.py first seen with mtime 1718659995.3844974
DEBUG 2024-06-25 09:47:19,843 autoreload File C:\Users\User\Desktop\cakesTP\.venv\Lib\site-packages\django\conf\__init__.py first seen with mtime 1718659992.5454063
DEBUG 2024-06-25 09:47:19,844 autoreload File C:\Users\User\AppData\Local\Programs\Python\Python39\Lib\encodings\latin_1.py first seen with mtime 1652795110.0
DEBUG 2024-06-25 09:47:19,844 autoreload File C:\Users\User\AppData\Local\Programs\Python\Python39\Lib\asyncio\__init__.py first seen with mtime 1652795110.0
DEBUG 2024-06-25 09:47:19,844 autoreload File C:\Users\User\Desktop\cakesTP\.venv\Lib\site-packages\django\db\backends\base\client.py first seen with mtime 1718659995.3935642
DEBUG 2024-06-25 09:47:19,844 autoreload File C:\Users\User\Desktop\cakesTP\.venv\Lib\site-packages\django\urls\__init__.py first seen with mtime 1718659995.609818
DEBUG 2024-06-25 09:47:19,845 autoreload File C:\Users\User\Desktop\cakesTP\.venv\Lib\site-packages\django\core\servers\__init__.py first seen with mtime 1718659995.3864975
DEBUG 2024-06-25 09:47:19,845 autoreload File C:\Users\User\Desktop\cakesTP\.venv\Lib\site-packages\django\core\wsgi.py first seen with mtime 1718659995.3203187
DEBUG 2024-06-25 09:47:19,845 autoreload File C:\Users\User\AppData\Local\Programs\Python\Python39\Lib\wsgiref\util.py first seen with mtime 1652795112.0
DEBUG 2024-06-25 09:47:19,845 autoreload File C:\Users\User\Desktop\cakesTP\.venv\Lib\site-packages\django\db\migrations\exceptions.py first seen with mtime 1718659995.4526846
DEBUG 2024-06-25 09:47:19,845 autoreload File C:\Users\User\Desktop\cakesTP\.venv\Lib\site-packages\django\core\exceptions.py first seen with mtime 1718659995.316317
DEBUG 2024-06-25 09:47:19,846 autoreload File C:\Users\User\Desktop\cakesTP\.venv\Lib\site-packages\django\utils\topological_sort.py first seen with mtime 1718659995.6400344
DEBUG 2024-06-25 09:47:19,846 autoreload File C:\Users\User\AppData\Local\Programs\Python\Python39\Lib\json\__init__.py first seen with mtime 1652795110.0
DEBUG 2024-06-25 09:47:19,846 autoreload File C:\Users\User\Desktop\cakesTP\.venv\Lib\site-packages\sqlparse\filters\others.py first seen with mtime 1718659991.8568883
DEBUG 2024-06-25 09:47:19,846 autoreload File C:\Users\User\Desktop\cakesTP\.venv\Lib\site-packages\django\utils\functional.py first seen with mtime 1718659995.6289206
DEBUG 2024-06-25 09:47:19,847 autoreload File C:\Users\User\Desktop\cakesTP\.venv\Lib\site-packages\django\core\paginator.py first seen with mtime 1718659995.3173177
DEBUG 2024-06-25 09:47:19,847 autoreload File C:\Users\User\AppData\Local\Programs\Python\Python39\Lib\pkgutil.py first seen with mtime 1652795110.0
DEBUG 2024-06-25 09:47:19,847 autoreload File C:\Users\User\Desktop\cakesTP\.venv\Lib\site-packages\rest_framework\views.py first seen with mtime 1718915696.1180036
DEBUG 2024-06-25 09:47:19,847 autoreload File C:\Users\User\Desktop\cakesTP\.venv\Lib\site-packages\django\core\cache\backends\__init__.py first seen with mtime 1718659995.32232
DEBUG 2024-06-25 09:47:19,848 autoreload File C:\Users\User\Desktop\cakesTP\.venv\Lib\site-packages\django\db\models\functions\__init__.py first seen with mtime 1718659995.4887533
DEBUG 2024-06-25 09:47:19,848 autoreload File C:\Users\User\Desktop\cakesTP\.venv\Lib\site-packages\django\core\signals.py first seen with mtime 1718659995.318318
DEBUG 2024-06-25 09:47:19,848 autoreload File C:\Users\User\AppData\Local\Programs\Python\Python39\Lib\keyword.py first seen with mtime 1652795110.0
DEBUG 2024-06-25 09:47:19,848 autoreload File C:\Users\User\Desktop\cakesTP\.venv\Lib\site-packages\django\contrib\admin\__init__.py first seen with mtime 1718659992.8771546
DEBUG 2024-06-25 09:47:19,849 autoreload File C:\Users\User\Desktop\cakesTP\.venv\Lib\site-packages\django\middleware\cache.py first seen with mtime 1718659995.574295
DEBUG 2024-06-25 09:47:19,849 autoreload File C:\Users\User\Desktop\cakesTP\.venv\Lib\site-packages\django\contrib\contenttypes\checks.py first seen with mtime 1718659993.7758372
DEBUG 2024-06-25 09:47:19,849 autoreload File C:\Users\User\Desktop\cakesTP\.venv\Lib\site-packages\django\db\migrations\operations\special.py first seen with mtime 1718659995.4648073
DEBUG 2024-06-25 09:47:19,849 autoreload File C:\Users\User\AppData\Local\Programs\Python\Python39\Lib\email\_policybase.py first seen with mtime 1652795110.0
DEBUG 2024-06-25 09:47:19,849 autoreload File C:\Users\User\AppData\Local\Programs\Python\Python39\Lib\ntpath.py first seen with mtime 1652795110.0
DEBUG 2024-06-25 09:47:19,850 autoreload File C:\Users\User\Desktop\cakesTP\.venv\Lib\site-packages\django\db\models\query.py first seen with mtime 1718659995.47675
DEBUG 2024-06-25 09:47:19,850 autoreload File C:\Users\User\Desktop\cakesTP\.venv\Lib\site-packages\django\db\models\constraints.py first seen with mtime 1718659995.4697504
DEBUG 2024-06-25 09:47:19,850 autoreload File C:\Users\User\Desktop\cakesTP\.venv\Lib\site-packages\django\utils\asyncio.py first seen with mtime 1718659995.6169176
DEBUG 2024-06-25 09:47:19,850 autoreload File C:\Users\User\Desktop\cakesTP\project\cakes\main\templatetags\__init__.py first seen with mtime 1718836259.6281223
DEBUG 2024-06-25 09:47:19,851 autoreload File C:\Users\User\Desktop\cakesTP\.venv\Lib\site-packages\django\utils\tree.py first seen with mtime 1718659995.6410353
DEBUG 2024-06-25 09:47:19,851 autoreload File C:\Users\User\AppData\Local\Programs\Python\Python39\Lib\io.py first seen with mtime 1652795110.0
DEBUG 2024-06-25 09:47:19,851 autoreload File C:\Users\User\Desktop\cakesTP\.venv\Lib\site-packages\django\db\models\aggregates.py first seen with mtime 1718659995.4667475
DEBUG 2024-06-25 09:47:19,851 autoreload File C:\Users\User\AppData\Local\Programs\Python\Python39\Lib\asyncio\coroutines.py first seen with mtime 1652795110.0
DEBUG 2024-06-25 09:47:19,852 autoreload File C:\Users\User\Desktop\cakesTP\.venv\Lib\site-packages\django\db\backends\postgresql\__init__.py first seen with mtime 1718659995.4376435
DEBUG 2024-06-25 09:47:19,852 autoreload File C:\Users\User\Desktop\cakesTP\.venv\Lib\site-packages\django\db\backends\base\base.py first seen with mtime 1718659995.392564
DEBUG 2024-06-25 09:47:19,852 autoreload File C:\Users\User\AppData\Local\Programs\Python\Python39\Lib\collections\__init__.py first seen with mtime 1652795110.0
DEBUG 2024-06-25 09:47:19,852 autoreload File C:\Users\User\Desktop\cakesTP\.venv\Lib\site-packages\django\utils\inspect.py first seen with mtime 1718659995.6309204
DEBUG 2024-06-25 09:47:19,852 autoreload File C:\Users\User\Desktop\cakesTP\.venv\Lib\site-packages\django\db\models\lookups.py first seen with mtime 1718659995.474749
DEBUG 2024-06-25 09:47:19,853 autoreload File C:\Users\User\AppData\Local\Programs\Python\Python39\DLLs\_ctypes.pyd first seen with mtime 1652795162.0
DEBUG 2024-06-25 09:47:19,853 autoreload File C:\Users\User\Desktop\cakesTP\.venv\Lib\site-packages\rest_framework\renderers.py first seen with mtime 1718915696.1069996
DEBUG 2024-06-25 09:47:19,853 autoreload File C:\Users\User\Desktop\cakesTP\.venv\Lib\site-packages\django\core\serializers\base.py first seen with mtime 1718659995.3824966
DEBUG 2024-06-25 09:47:19,853 autoreload File C:\Users\User\Desktop\cakesTP\.venv\Lib\site-packages\rest_framework\schemas\inspectors.py first seen with mtime 1718915696.2160249
DEBUG 2024-06-25 09:47:19,854 autoreload File C:\Users\User\AppData\Local\Programs\Python\Python39\Lib\email\parser.py first seen with mtime 1652795110.0
DEBUG 2024-06-25 09:47:19,854 autoreload File C:\Users\User\AppData\Local\Programs\Python\Python39\Lib\getpass.py first seen with mtime 1652795110.0
DEBUG 2024-06-25 09:47:19,854 autoreload File C:\Users\User\Desktop\cakesTP\.venv\Lib\site-packages\django\http\__init__.py first seen with mtime 1718659995.5701945
DEBUG 2024-06-25 09:47:19,854 autoreload File C:\Users\User\AppData\Local\Programs\Python\Python39\Lib\multiprocessing\context.py first seen with mtime 1652795110.0
DEBUG 2024-06-25 09:47:19,855 autoreload File C:\Users\User\Desktop\cakesTP\.venv\Lib\site-packages\django\contrib\contenttypes\apps.py first seen with mtime 1718659993.774837
DEBUG 2024-06-25 09:47:19,855 autoreload File C:\Users\User\Desktop\cakesTP\.venv\Lib\site-packages\django\core\management\base.py first seen with mtime 1718659995.361413
DEBUG 2024-06-25 09:47:19,855 autoreload File C:\Users\User\Desktop\cakesTP\.venv\Lib\site-packages\django\utils\formats.py first seen with mtime 1718659995.6279197
DEBUG 2024-06-25 09:47:19,855 autoreload File C:\Users\User\AppData\Local\Programs\Python\Python39\Lib\statistics.py first seen with mtime 1652795110.0
DEBUG 2024-06-25 09:47:19,855 autoreload File C:\Users\User\Desktop\cakesTP\.venv\Lib\site-packages\django\http\request.py first seen with mtime 1718659995.5722563
DEBUG 2024-06-25 09:47:19,856 autoreload File C:\Users\User\Desktop\cakesTP\.venv\Lib\site-packages\django\templatetags\static.py first seen with mtime 1718659995.6012018
DEBUG 2024-06-25 09:47:19,856 autoreload File C:\Users\User\Desktop\cakesTP\.venv\Lib\site-packages\django\utils\itercompat.py first seen with mtime 1718659995.6319208
DEBUG 2024-06-25 09:47:19,856 autoreload File C:\Users\User\Desktop\cakesTP\.venv\Lib\site-packages\django\contrib\admin\options.py first seen with mtime 1718659992.8851664
DEBUG 2024-06-25 09:47:19,856 autoreload File C:\Users\User\Desktop\cakesTP\.venv\Lib\site-packages\django\contrib\admin\widgets.py first seen with mtime 1718659992.8881733
DEBUG 2024-06-25 09:47:19,857 autoreload File C:\Users\User\Desktop\cakesTP\.venv\Lib\site-packages\django\utils\version.py first seen with mtime 1718659995.6410353
DEBUG 2024-06-25 09:47:19,857 autoreload File C:\Users\User\Desktop\cakesTP\.venv\Lib\site-packages\sqlparse\filters\__init__.py first seen with mtime 1718659991.8548899
DEBUG 2024-06-25 09:47:19,858 autoreload File C:\Users\User\AppData\Local\Programs\Python\Python39\Lib\secrets.py first seen with mtime 1652795110.0
DEBUG 2024-06-25 09:47:19,858 autoreload File C:\Users\User\AppData\Local\Programs\Python\Python39\Lib\linecache.py first seen with mtime 1652795110.0
DEBUG 2024-06-25 09:47:19,858 autoreload File C:\Users\User\Desktop\cakesTP\.venv\Lib\site-packages\django\contrib\admin\templatetags\admin_list.py first seen with mtime 1718659993.3755724
DEBUG 2024-06-25 09:47:19,858 autoreload File C:\Users\User\Desktop\cakesTP\.venv\Lib\site-packages\django\core\files\utils.py first seen with mtime 1718659995.34341
DEBUG 2024-06-25 09:47:19,859 autoreload File C:\Users\User\Desktop\cakesTP\.venv\Lib\site-packages\django\dispatch\dispatcher.py first seen with mtime 1718659995.5007555
DEBUG 2024-06-25 09:47:19,859 autoreload File C:\Users\User\AppData\Local\Programs\Python\Python39\Lib\logging\config.py first seen with mtime 1652795110.0
DEBUG 2024-06-25 09:47:19,859 autoreload File C:\Users\User\AppData\Local\Programs\Python\Python39\Lib\wsgiref\__init__.py first seen with mtime 1652795112.0
DEBUG 2024-06-25 09:47:19,859 autoreload File C:\Users\User\Desktop\cakesTP\project\cakes\main\admin.py first seen with mtime 1718659537.1483452
DEBUG 2024-06-25 09:47:19,860 autoreload File C:\Users\User\Desktop\cakesTP\.venv\Lib\site-packages\django\contrib\postgres\search.py first seen with mtime 1718659994.5801637
DEBUG 2024-06-25 09:47:19,860 autoreload File C:\Users\User\Desktop\cakesTP\.venv\Lib\site-packages\django\contrib\auth\base_user.py first seen with mtime 1718659993.5836904
DEBUG 2024-06-25 09:47:19,860 autoreload File C:\Users\User\Desktop\cakesTP\.venv\Lib\site-packages\django\contrib\staticfiles\management\commands\runserver.py first seen with mtime 1718659995.312283
DEBUG 2024-06-25 09:47:19,860 autoreload File C:\Users\User\Desktop\cakesTP\.venv\Lib\site-packages\django\core\mail\__init__.py first seen with mtime 1718659995.3514116
DEBUG 2024-06-25 09:47:19,860 autoreload File C:\Users\User\AppData\Local\Programs\Python\Python39\DLLs\_overlapped.pyd first seen with mtime 1652795162.0
DEBUG 2024-06-25 09:47:19,861 autoreload File C:\Users\User\Desktop\cakesTP\.venv\Lib\site-packages\django\contrib\auth\models.py first seen with mtime 1718659993.5907233
DEBUG 2024-06-25 09:47:19,861 autoreload File C:\Users\User\AppData\Local\Programs\Python\Python39\Lib\sysconfig.py first seen with mtime 1652795110.0
DEBUG 2024-06-25 09:47:19,861 autoreload File C:\Users\User\Desktop\cakesTP\.venv\Lib\site-packages\django\contrib\auth\password_validation.py first seen with mtime 1718659993.5917234
DEBUG 2024-06-25 09:47:19,861 autoreload File C:\Users\User\AppData\Local\Programs\Python\Python39\Lib\asyncio\protocols.py first seen with mtime 1652795110.0
DEBUG 2024-06-25 09:47:19,862 autoreload File C:\Users\User\Desktop\cakesTP\.venv\Lib\site-packages\django\contrib\auth\admin.py first seen with mtime 1718659993.5816896
DEBUG 2024-06-25 09:47:19,862 autoreload File C:\Users\User\Desktop\cakesTP\.venv\Lib\site-packages\django\contrib\staticfiles\utils.py first seen with mtime 1718659995.3092475
DEBUG 2024-06-25 09:47:19,862 autoreload File C:\Users\User\Desktop\cakesTP\.venv\Lib\site-packages\django\contrib\sites\requests.py first seen with mtime 1718659995.1267664
DEBUG 2024-06-25 09:47:19,862 autoreload File C:\Users\User\AppData\Local\Programs\Python\Python39\Lib\email\iterators.py first seen with mtime 1652795110.0
DEBUG 2024-06-25 09:47:19,862 autoreload File C:\Users\User\Desktop\cakesTP\.venv\Lib\site-packages\django\core\checks\security\__init__.py first seen with mtime 1718659995.335322
DEBUG 2024-06-25 09:47:19,863 autoreload File C:\Users\User\Desktop\cakesTP\.venv\Lib\site-packages\rest_framework\compat.py first seen with mtime 1718915696.0950036
DEBUG 2024-06-25 09:47:19,863 autoreload File C:\Users\User\Desktop\cakesTP\.venv\Lib\site-packages\django\core\files\storage\handler.py first seen with mtime 1718659995.3464105
DEBUG 2024-06-25 09:47:19,863 autoreload File C:\Users\User\Desktop\cakesTP\.venv\Lib\site-packages\django\views\i18n.py first seen with mtime 1718659995.6490364
DEBUG 2024-06-25 09:47:19,864 autoreload File C:\Users\User\AppData\Local\Programs\Python\Python39\Lib\urllib\response.py first seen with mtime 1652795112.0
DEBUG 2024-06-25 09:47:19,864 autoreload File C:\Users\User\AppData\Local\Programs\Python\Python39\Lib\codecs.py first seen with mtime 1652795110.0
DEBUG 2024-06-25 09:47:19,864 autoreload File C:\Users\User\Desktop\cakesTP\.venv\Lib\site-packages\rest_framework\utils\model_meta.py first seen with mtime 1718915696.3140473
DEBUG 2024-06-25 09:47:19,864 autoreload File C:\Users\User\AppData\Local\Programs\Python\Python39\Lib\tokenize.py first seen with mtime 1652795112.0
DEBUG 2024-06-25 09:47:19,865 autoreload File C:\Users\User\AppData\Local\Programs\Python\Python39\Lib\concurrent\futures\thread.py first seen with mtime 1652795110.0
DEBUG 2024-06-25 09:47:19,865 autoreload File C:\Users\User\Desktop\cakesTP\.venv\Lib\site-packages\django\core\files\base.py first seen with mtime 1718659995.3394084
DEBUG 2024-06-25 09:47:19,865 autoreload File C:\Users\User\Desktop\cakesTP\project\cakes\cakes\__init__.py first seen with mtime 1718659537.1413448
DEBUG 2024-06-25 09:47:19,865 autoreload File C:\Users\User\Desktop\cakesTP\.venv\Lib\site-packages\django\forms\utils.py first seen with mtime 1718659995.5077565
DEBUG 2024-06-25 09:47:19,865 autoreload File C:\Users\User\AppData\Local\Programs\Python\Python39\Lib\asyncio\locks.py first seen with mtime 1652795110.0
DEBUG 2024-06-25 09:47:19,866 autoreload File C:\Users\User\Desktop\cakesTP\.venv\Lib\site-packages\rest_framework\utils\serializer_helpers.py first seen with mtime 1718915696.3160462
DEBUG 2024-06-25 09:47:19,866 autoreload File C:\Users\User\Desktop\cakesTP\.venv\Lib\site-packages\django\contrib\messages\__init__.py first seen with mtime 1718659994.5671613
DEBUG 2024-06-25 09:47:19,866 autoreload File C:\Users\User\AppData\Local\Programs\Python\Python39\Lib\typing.py first seen with mtime 1652795112.0
DEBUG 2024-06-25 09:47:19,866 autoreload File C:\Users\User\Desktop\cakesTP\.venv\Lib\site-packages\django\core\cache\__init__.py first seen with mtime 1718659995.3203187
DEBUG 2024-06-25 09:47:19,867 autoreload File C:\Users\User\AppData\Local\Programs\Python\Python39\Lib\threading.py first seen with mtime 1652795112.0
DEBUG 2024-06-25 09:47:19,867 autoreload File C:\Users\User\Desktop\cakesTP\.venv\Lib\site-packages\django\db\models\fields\json.py first seen with mtime 1718659995.4827516
DEBUG 2024-06-25 09:47:19,867 autoreload File C:\Users\User\Desktop\cakesTP\.venv\Lib\site-packages\django\db\models\expressions.py first seen with mtime 1718659995.4727497
DEBUG 2024-06-25 09:47:19,867 autoreload File C:\Users\User\AppData\Local\Programs\Python\Python39\Lib\ctypes\_endian.py first seen with mtime 1652795110.0
DEBUG 2024-06-25 09:47:19,867 autoreload File C:\Users\User\Desktop\cakesTP\.venv\Lib\site-packages\django\core\management\commands\__init__.py first seen with mtime 1718659995.364493
DEBUG 2024-06-25 09:47:19,868 autoreload File C:\Users\User\Desktop\cakesTP\.venv\Lib\site-packages\django\contrib\sessions\backends\base.py first seen with mtime 1718659994.9168892
DEBUG 2024-06-25 09:47:19,868 autoreload File C:\Users\User\AppData\Local\Programs\Python\Python39\Lib\glob.py first seen with mtime 1652795110.0
DEBUG 2024-06-25 09:47:19,868 autoreload File C:\Users\User\Desktop\cakesTP\.venv\Lib\site-packages\django\views\decorators\common.py first seen with mtime 1718659995.6530373
DEBUG 2024-06-25 09:47:19,868 autoreload File C:\Users\User\AppData\Local\Programs\Python\Python39\DLLs\_bz2.pyd first seen with mtime 1652795172.0
DEBUG 2024-06-25 09:47:19,869 autoreload File C:\Users\User\Desktop\cakesTP\.venv\Lib\site-packages\rest_framework\schemas\__init__.py first seen with mtime 1718915696.2140243
DEBUG 2024-06-25 09:47:19,869 autoreload File C:\Users\User\Desktop\cakesTP\.venv\Lib\site-packages\django\core\handlers\wsgi.py first seen with mtime 1718659995.3504112
DEBUG 2024-06-25 09:47:19,869 autoreload File C:\Users\User\AppData\Local\Programs\Python\Python39\Lib\http\server.py first seen with mtime 1652795110.0
DEBUG 2024-06-25 09:47:19,869 autoreload File C:\Users\User\Desktop\cakesTP\.venv\Lib\site-packages\django\db\models\indexes.py first seen with mtime 1718659995.4737492
DEBUG 2024-06-25 09:47:19,869 autoreload File C:\Users\User\Desktop\cakesTP\.venv\Lib\site-packages\django\db\migrations\operations\fields.py first seen with mtime 1718659995.4627469
DEBUG 2024-06-25 09:47:19,869 autoreload File C:\Users\User\AppData\Local\Programs\Python\Python39\Lib\decimal.py first seen with mtime 1652795110.0
DEBUG 2024-06-25 09:47:19,870 autoreload File C:\Users\User\AppData\Local\Programs\Python\Python39\Lib\encodings\aliases.py first seen with mtime 1652795110.0
DEBUG 2024-06-25 09:47:19,870 autoreload File C:\Users\User\Desktop\cakesTP\.venv\Lib\site-packages\django\db\backends\base\creation.py first seen with mtime 1718659995.3935642
DEBUG 2024-06-25 09:47:19,870 autoreload File C:\Users\User\AppData\Local\Programs\Python\Python39\Lib\random.py first seen with mtime 1652795110.0
DEBUG 2024-06-25 09:47:19,870 autoreload File C:\Users\User\AppData\Local\Programs\Python\Python39\Lib\concurrent\futures\_base.py first seen with mtime 1652795110.0
DEBUG 2024-06-25 09:47:19,870 autoreload File C:\Users\User\Desktop\cakesTP\.venv\Lib\site-packages\django\contrib\postgres\validators.py first seen with mtime 1718659994.5821643
DEBUG 2024-06-25 09:47:19,870 autoreload File C:\Users\User\AppData\Local\Programs\Python\Python39\Lib\logging\handlers.py first seen with mtime 1652795110.0
DEBUG 2024-06-25 09:47:19,871 autoreload File C:\Users\User\Desktop\cakesTP\.venv\Lib\site-packages\django\core\files\temp.py first seen with mtime 1718659995.3414092
DEBUG 2024-06-25 09:47:19,871 autoreload File C:\Users\User\Desktop\cakesTP\.venv\Lib\site-packages\django\contrib\sessions\models.py first seen with mtime 1718659994.9148893
DEBUG 2024-06-25 09:47:19,871 autoreload File C:\Users\User\Desktop\cakesTP\.venv\Lib\site-packages\sqlparse\filters\tokens.py first seen with mtime 1718659991.860891
DEBUG 2024-06-25 09:47:19,871 autoreload File C:\Users\User\Desktop\cakesTP\.venv\Lib\site-packages\django\utils\deconstruct.py first seen with mtime 1718659995.6239183
DEBUG 2024-06-25 09:47:19,871 autoreload File C:\Users\User\Desktop\cakesTP\.venv\Lib\site-packages\django\core\files\storage\mixins.py first seen with mtime 1718659995.3474107
DEBUG 2024-06-25 09:47:19,871 autoreload File C:\Users\User\AppData\Local\Programs\Python\Python39\Lib\nturl2path.py first seen with mtime 1652795110.0
DEBUG 2024-06-25 09:47:19,871 autoreload File C:\Users\User\Desktop\cakesTP\.venv\Lib\site-packages\asgiref\current_thread_executor.py first seen with mtime 1718659992.3509612
DEBUG 2024-06-25 09:47:19,872 autoreload File C:\Users\User\Desktop\cakesTP\.venv\Lib\site-packages\django\views\generic\dates.py first seen with mtime 1718659995.6590393
DEBUG 2024-06-25 09:47:19,872 autoreload File C:\Users\User\Desktop\cakesTP\.venv\Lib\site-packages\django\db\models\functions\datetime.py first seen with mtime 1718659995.4907527
DEBUG 2024-06-25 09:47:19,872 autoreload File C:\Users\User\Desktop\cakesTP\.venv\Lib\site-packages\django\contrib\sessions\backends\__init__.py first seen with mtime 1718659994.9158897
DEBUG 2024-06-25 09:47:19,872 autoreload File C:\Users\User\AppData\Local\Programs\Python\Python39\Lib\datetime.py first seen with mtime 1652795110.0
DEBUG 2024-06-25 09:47:19,872 autoreload File C:\Users\User\Desktop\cakesTP\.venv\Lib\site-packages\django\contrib\auth\forms.py first seen with mtime 1718659993.5876918
DEBUG 2024-06-25 09:47:19,872 autoreload File C:\Users\User\Desktop\cakesTP\.venv\Lib\site-packages\django\utils\dateparse.py first seen with mtime 1718659995.6219187
DEBUG 2024-06-25 09:47:19,872 autoreload File C:\Users\User\AppData\Local\Programs\Python\Python39\Lib\email\_encoded_words.py first seen with mtime 1652795110.0
DEBUG 2024-06-25 09:47:19,873 autoreload File C:\Users\User\Desktop\cakesTP\.venv\Lib\site-packages\_virtualenv.py first seen with mtime 1718659694.3689034
DEBUG 2024-06-25 09:47:19,873 autoreload File C:\Users\User\Desktop\cakesTP\.venv\Lib\site-packages\django\contrib\admin\templatetags\__init__.py first seen with mtime 1718659993.3755724
DEBUG 2024-06-25 09:47:19,873 autoreload File C:\Users\User\Desktop\cakesTP\.venv\Lib\site-packages\django\db\models\utils.py first seen with mtime 1718659995.4797504
DEBUG 2024-06-25 09:47:19,873 autoreload File C:\Users\User\Desktop\cakesTP\project\cakes\main\templatetags\custom_filters.py first seen with mtime 1718836259.630833
DEBUG 2024-06-25 09:47:19,873 autoreload File C:\Users\User\Desktop\cakesTP\.venv\Lib\site-packages\django\core\checks\security\sessions.py first seen with mtime 1718659995.337368
DEBUG 2024-06-25 09:47:19,873 autoreload File C:\Users\User\AppData\Local\Programs\Python\Python39\Lib\json\decoder.py first seen with mtime 1652795110.0
DEBUG 2024-06-25 09:47:19,874 autoreload File C:\Users\User\Desktop\cakesTP\.venv\Lib\site-packages\django\core\checks\files.py first seen with mtime 1718659995.329321
DEBUG 2024-06-25 09:47:19,874 autoreload File C:\Users\User\Desktop\cakesTP\.venv\Lib\site-packages\rest_framework\schemas\generators.py first seen with mtime 1718915696.2160249
DEBUG 2024-06-25 09:47:19,874 autoreload File C:\Users\User\Desktop\cakesTP\.venv\Lib\site-packages\django\templatetags\l10n.py first seen with mtime 1718659995.6001723
DEBUG 2024-06-25 09:47:19,874 autoreload File C:\Users\User\Desktop\cakesTP\.venv\Lib\site-packages\rest_framework\decorators.py first seen with mtime 1718915696.095996
DEBUG 2024-06-25 09:47:19,874 autoreload File C:\Users\User\Desktop\cakesTP\.venv\Lib\site-packages\django\db\utils.py first seen with mtime 1718659995.389563
DEBUG 2024-06-25 09:47:19,874 autoreload File C:\Users\User\Desktop\cakesTP\.venv\Lib\site-packages\django\core\serializers\json.py first seen with mtime 1718659995.3834965
DEBUG 2024-06-25 09:47:19,875 autoreload File C:\Users\User\Desktop\cakesTP\project\cakes\main\serializers.py first seen with mtime 1719296910.3633218
DEBUG 2024-06-25 09:47:19,875 autoreload File C:\Users\User\Desktop\cakesTP\.venv\Lib\site-packages\django\template\__init__.py first seen with mtime 1718659995.5802975
DEBUG 2024-06-25 09:47:19,875 autoreload File C:\Users\User\Desktop\cakesTP\.venv\Lib\site-packages\django\utils\crypto.py first seen with mtime 1718659995.6199183
DEBUG 2024-06-25 09:47:19,875 autoreload File C:\Users\User\AppData\Local\Programs\Python\Python39\Lib\hashlib.py first seen with mtime 1652795110.0
DEBUG 2024-06-25 09:47:19,875 autoreload File C:\Users\User\AppData\Local\Programs\Python\Python39\Lib\email\mime\text.py first seen with mtime 1652795110.0
DEBUG 2024-06-25 09:47:19,875 autoreload File C:\Users\User\Desktop\cakesTP\.venv\Lib\site-packages\django\contrib\admin\views\autocomplete.py first seen with mtime 1718659993.3795733
DEBUG 2024-06-25 09:47:19,875 autoreload File C:\Users\User\Desktop\cakesTP\.venv\Lib\site-packages\django\utils\translation\reloader.py first seen with mtime 1718659995.6440358
DEBUG 2024-06-25 09:47:19,876 autoreload File C:\Users\User\Desktop\cakesTP\.venv\Lib\site-packages\django\db\models\base.py first seen with mtime 1718659995.4677498
DEBUG 2024-06-25 09:47:19,876 autoreload File C:\Users\User\AppData\Local\Programs\Python\Python39\Lib\asyncio\streams.py first seen with mtime 1652795110.0
DEBUG 2024-06-25 09:47:19,876 autoreload File C:\Users\User\Desktop\cakesTP\.venv\Lib\site-packages\django\contrib\__init__.py first seen with mtime 1718659992.876155
DEBUG 2024-06-25 09:47:19,876 autoreload File C:\Users\User\AppData\Local\Programs\Python\Python39\Lib\_compat_pickle.py first seen with mtime 1652795110.0
DEBUG 2024-06-25 09:47:19,876 autoreload File C:\Users\User\Desktop\cakesTP\.venv\Lib\site-packages\django\db\migrations\operations\__init__.py first seen with mtime 1718659995.4606855
DEBUG 2024-06-25 09:47:19,876 autoreload File C:\Users\User\Desktop\cakesTP\.venv\Lib\site-packages\sqlparse\sql.py first seen with mtime 1718659991.8488886
DEBUG 2024-06-25 09:47:19,876 autoreload File C:\Users\User\AppData\Local\Programs\Python\Python39\Lib\sre_constants.py first seen with mtime 1652795110.0
DEBUG 2024-06-25 09:47:19,877 autoreload File C:\Users\User\AppData\Local\Programs\Python\Python39\Lib\reprlib.py first seen with mtime 1652795110.0
DEBUG 2024-06-25 09:47:19,877 autoreload File C:\Users\User\Desktop\cakesTP\.venv\Lib\site-packages\django\forms\boundfield.py first seen with mtime 1718659995.5027554
DEBUG 2024-06-25 09:47:19,877 autoreload File C:\Users\User\Desktop\cakesTP\.venv\Lib\site-packages\django\utils\log.py first seen with mtime 1718659995.633921
DEBUG 2024-06-25 09:47:19,877 autoreload File C:\Users\User\AppData\Local\Programs\Python\Python39\Lib\ctypes\__init__.py first seen with mtime 1652795110.0
DEBUG 2024-06-25 09:47:19,877 autoreload File C:\Users\User\AppData\Local\Programs\Python\Python39\Lib\email\errors.py first seen with mtime 1652795110.0
DEBUG 2024-06-25 09:47:19,877 autoreload File C:\Users\User\Desktop\cakesTP\.venv\Lib\site-packages\django\urls\utils.py first seen with mtime 1718659995.6139169
DEBUG 2024-06-25 09:47:19,877 autoreload File C:\Users\User\Desktop\cakesTP\.venv\Lib\site-packages\django\forms\widgets.py first seen with mtime 1718659995.508757
DEBUG 2024-06-25 09:47:19,877 autoreload File C:\Users\User\AppData\Local\Programs\Python\Python39\Lib\email\mime\base.py first seen with mtime 1652795110.0
DEBUG 2024-06-25 09:47:19,878 autoreload File C:\Users\User\AppData\Local\Programs\Python\Python39\Lib\importlib\util.py first seen with mtime 1652795110.0
DEBUG 2024-06-25 09:47:19,878 autoreload File C:\Users\User\Desktop\cakesTP\.venv\Lib\site-packages\django\contrib\admin\models.py first seen with mtime 1718659992.8841655
DEBUG 2024-06-25 09:47:19,878 autoreload File C:\Users\User\Desktop\cakesTP\.venv\Lib\site-packages\django\db\models\deletion.py first seen with mtime 1718659995.4707482
DEBUG 2024-06-25 09:47:19,878 autoreload File C:\Users\User\AppData\Local\Programs\Python\Python39\Lib\importlib\abc.py first seen with mtime 1652795110.0
DEBUG 2024-06-25 09:47:19,878 autoreload File C:\Users\User\Desktop\cakesTP\.venv\Lib\site-packages\django\contrib\auth\signals.py first seen with mtime 1718659993.592725
DEBUG 2024-06-25 09:47:19,878 autoreload File C:\Users\User\Desktop\cakesTP\.venv\Lib\site-packages\sqlparse\filters\right_margin.py first seen with mtime 1718659991.8598895
DEBUG 2024-06-25 09:47:19,878 autoreload File C:\Users\User\Desktop\cakesTP\.venv\Lib\site-packages\django\utils\connection.py first seen with mtime 1718659995.6199183
DEBUG 2024-06-25 09:47:19,879 autoreload File C:\Users\User\AppData\Local\Programs\Python\Python39\Lib\types.py first seen with mtime 1652795112.0
DEBUG 2024-06-25 09:47:19,879 autoreload File C:\Users\User\AppData\Local\Programs\Python\Python39\Lib\locale.py first seen with mtime 1652795110.0
DEBUG 2024-06-25 09:47:19,879 autoreload File C:\Users\User\Desktop\cakesTP\.venv\Lib\site-packages\django\core\files\uploadedfile.py first seen with mtime 1718659995.3424096
DEBUG 2024-06-25 09:47:19,879 autoreload File C:\Users\User\AppData\Local\Programs\Python\Python39\Lib\email\message.py first seen with mtime 1652795110.0
DEBUG 2024-06-25 09:47:19,879 autoreload File C:\Users\User\Desktop\cakesTP\.venv\Lib\site-packages\django\core\checks\security\csrf.py first seen with mtime 1718659995.3363225
DEBUG 2024-06-25 09:47:19,879 autoreload File C:\Users\User\Desktop\cakesTP\.venv\Lib\site-packages\django\utils\autoreload.py first seen with mtime 1718659995.6179178
DEBUG 2024-06-25 09:47:19,879 autoreload File C:\Users\User\Desktop\cakesTP\.venv\Lib\site-packages\django\contrib\admin\utils.py first seen with mtime 1718659992.8881733
DEBUG 2024-06-25 09:47:19,880 autoreload File C:\Users\User\AppData\Local\Programs\Python\Python39\Lib\_markupbase.py first seen with mtime 1652795110.0
DEBUG 2024-06-25 09:47:19,880 autoreload File C:\Users\User\Desktop\cakesTP\.venv\Lib\site-packages\django\utils\hashable.py first seen with mtime 1718659995.6289206
DEBUG 2024-06-25 09:47:19,880 autoreload File C:\Users\User\Desktop\cakesTP\.venv\Lib\site-packages\django\urls\base.py first seen with mtime 1718659995.6108174
DEBUG 2024-06-25 09:47:19,880 autoreload File C:\Users\User\Desktop\cakesTP\.venv\Lib\site-packages\django\contrib\messages\api.py first seen with mtime 1718659994.568161
DEBUG 2024-06-25 09:47:19,880 autoreload File C:\Users\User\Desktop\cakesTP\.venv\Lib\site-packages\django\utils\cache.py first seen with mtime 1718659995.618918
DEBUG 2024-06-25 09:47:19,880 autoreload File C:\Users\User\Desktop\cakesTP\.venv\Lib\site-packages\django\template\loader_tags.py first seen with mtime 1718659995.5883439
DEBUG 2024-06-25 09:47:19,881 autoreload File C:\Users\User\AppData\Local\Programs\Python\Python39\Lib\multiprocessing\reduction.py first seen with mtime 1652795110.0
DEBUG 2024-06-25 09:47:19,881 autoreload File C:\Users\User\AppData\Local\Programs\Python\Python39\Lib\warnings.py first seen with mtime 1652795112.0
DEBUG 2024-06-25 09:47:19,881 autoreload File C:\Users\User\Desktop\cakesTP\project\cakes\main\views.py first seen with mtime 1719297098.5999272
DEBUG 2024-06-25 09:47:19,881 autoreload File C:\Users\User\Desktop\cakesTP\.venv\Lib\site-packages\django\core\files\locks.py first seen with mtime 1718659995.340409
DEBUG 2024-06-25 09:47:19,881 autoreload File C:\Users\User\Desktop\cakesTP\.venv\Lib\site-packages\django\views\static.py first seen with mtime 1718659995.6500368
DEBUG 2024-06-25 09:47:19,881 autoreload File C:\Users\User\Desktop\cakesTP\.venv\Lib\site-packages\django\utils\deprecation.py first seen with mtime 1718659995.6249194
DEBUG 2024-06-25 09:47:19,881 autoreload File C:\Users\User\Desktop\cakesTP\.venv\Lib\site-packages\django\conf\locale\__init__.py first seen with mtime 1718659992.5514412
DEBUG 2024-06-25 09:47:19,881 autoreload File C:\Users\User\Desktop\cakesTP\.venv\Lib\site-packages\django\db\models\functions\text.py first seen with mtime 1718659995.4927533
DEBUG 2024-06-25 09:47:19,882 autoreload File C:\Users\User\Desktop\cakesTP\.venv\Lib\site-packages\sqlparse\engine\filter_stack.py first seen with mtime 1718659991.85289
DEBUG 2024-06-25 09:47:19,882 autoreload File C:\Users\User\AppData\Local\Programs\Python\Python39\Lib\email\mime\multipart.py first seen with mtime 1652795110.0
DEBUG 2024-06-25 09:47:19,882 autoreload File C:\Users\User\Desktop\cakesTP\.venv\Lib\site-packages\rest_framework\exceptions.py first seen with mtime 1718915696.097998
DEBUG 2024-06-25 09:47:19,882 autoreload File C:\Users\User\AppData\Local\Programs\Python\Python39\Lib\pickle.py first seen with mtime 1652795110.0
DEBUG 2024-06-25 09:47:19,882 autoreload File C:\Users\User\Desktop\cakesTP\.venv\Lib\site-packages\django\utils\timesince.py first seen with mtime 1718659995.6390345
DEBUG 2024-06-25 09:47:19,882 autoreload File C:\Users\User\Desktop\cakesTP\.venv\Lib\site-packages\django\db\__init__.py first seen with mtime 1718659995.3875322
DEBUG 2024-06-25 09:47:19,882 autoreload File C:\Users\User\AppData\Local\Programs\Python\Python39\Lib\wsgiref\simple_server.py first seen with mtime 1652795112.0
DEBUG 2024-06-25 09:47:19,883 autoreload File C:\Users\User\Desktop\cakesTP\.venv\Lib\site-packages\django\template\backends\__init__.py first seen with mtime 1718659995.5914447
DEBUG 2024-06-25 09:47:19,883 autoreload File C:\Users\User\AppData\Local\Programs\Python\Python39\Lib\stat.py first seen with mtime 1652795110.0
DEBUG 2024-06-25 09:47:19,883 autoreload File C:\Users\User\Desktop\cakesTP\.venv\Lib\site-packages\django\core\cache\backends\filebased.py first seen with mtime 1718659995.3243194
DEBUG 2024-06-25 09:47:19,883 autoreload File C:\Users\User\AppData\Local\Programs\Python\Python39\Lib\operator.py first seen with mtime 1652795110.0
DEBUG 2024-06-25 09:47:19,883 autoreload File C:\Users\User\Desktop\cakesTP\.venv\Lib\site-packages\django\contrib\sessions\exceptions.py first seen with mtime 1718659994.9138768
DEBUG 2024-06-25 09:47:19,883 autoreload File C:\Users\User\Desktop\cakesTP\.venv\Lib\site-packages\django\core\cache\backends\base.py first seen with mtime 1718659995.32232
DEBUG 2024-06-25 09:47:19,883 autoreload File C:\Users\User\AppData\Local\Programs\Python\Python39\Lib\ssl.py first seen with mtime 1652795110.0
DEBUG 2024-06-25 09:47:19,884 autoreload File C:\Users\User\Desktop\cakesTP\.venv\Lib\site-packages\rest_framework\utils\formatting.py first seen with mtime 1718915696.310046
DEBUG 2024-06-25 09:47:19,884 autoreload File C:\Users\User\AppData\Local\Programs\Python\Python39\Lib\asyncio\proactor_events.py first seen with mtime 1652795110.0
DEBUG 2024-06-25 09:47:19,884 autoreload File C:\Users\User\Desktop\cakesTP\.venv\Lib\site-packages\django\db\backends\sqlite3\schema.py first seen with mtime 1718659995.4496832
DEBUG 2024-06-25 09:47:19,884 autoreload File C:\Users\User\Desktop\cakesTP\.venv\Lib\site-packages\django\contrib\admindocs\utils.py first seen with mtime 1718659993.3855755
DEBUG 2024-06-25 09:47:19,884 autoreload File C:\Users\User\AppData\Local\Programs\Python\Python39\Lib\asyncio\format_helpers.py first seen with mtime 1652795110.0
DEBUG 2024-06-25 09:47:19,884 autoreload File C:\Users\User\Desktop\cakesTP\.venv\Lib\site-packages\django\db\backends\base\features.py first seen with mtime 1718659995.3945644
DEBUG 2024-06-25 09:47:19,884 autoreload File C:\Users\User\Desktop\cakesTP\.venv\Lib\site-packages\django\db\models\options.py first seen with mtime 1718659995.4757493
DEBUG 2024-06-25 09:47:19,885 autoreload File C:\Users\User\AppData\Local\Programs\Python\Python39\Lib\importlib\__init__.py first seen with mtime 1652795110.0
DEBUG 2024-06-25 09:47:19,885 autoreload File C:\Users\User\Desktop\cakesTP\.venv\Lib\site-packages\django\utils\dateformat.py first seen with mtime 1718659995.6219187
DEBUG 2024-06-25 09:47:19,885 autoreload File C:\Users\User\Desktop\cakesTP\.venv\Lib\site-packages\django\utils\safestring.py first seen with mtime 1718659995.6369212
DEBUG 2024-06-25 09:47:19,885 autoreload File C:\Users\User\Desktop\cakesTP\.venv\Lib\site-packages\django\db\backends\base\introspection.py first seen with mtime 1718659995.3955643
DEBUG 2024-06-25 09:47:19,885 autoreload File C:\Users\User\Desktop\cakesTP\.venv\Lib\site-packages\django\db\models\signals.py first seen with mtime 1718659995.47875
DEBUG 2024-06-25 09:47:19,885 autoreload File C:\Users\User\Desktop\cakesTP\.venv\Lib\site-packages\django\contrib\admin\views\__init__.py first seen with mtime 1718659993.3795733
DEBUG 2024-06-25 09:47:19,885 autoreload File C:\Users\User\Desktop\cakesTP\.venv\Lib\site-packages\django\forms\renderers.py first seen with mtime 1718659995.5067565
DEBUG 2024-06-25 09:47:19,886 autoreload File C:\Users\User\Desktop\cakesTP\.venv\Lib\site-packages\django\core\mail\utils.py first seen with mtime 1718659995.352411
DEBUG 2024-06-25 09:47:19,886 autoreload File C:\Users\User\Desktop\cakesTP\.venv\Lib\site-packages\django\db\backends\base\operations.py first seen with mtime 1718659995.3965645
DEBUG 2024-06-25 09:47:19,886 autoreload File C:\Users\User\Desktop\cakesTP\.venv\Lib\site-packages\django\contrib\sites\__init__.py first seen with mtime 1718659995.122766
DEBUG 2024-06-25 09:47:19,886 autoreload File C:\Users\User\Desktop\cakesTP\project\cakes\main\urls.py first seen with mtime 1719296910.816805
DEBUG 2024-06-25 09:47:19,886 autoreload File C:\Users\User\Desktop\cakesTP\.venv\Lib\site-packages\rest_framework\routers.py first seen with mtime 1718915696.1100008
DEBUG 2024-06-25 09:47:19,886 autoreload File C:\Users\User\AppData\Local\Programs\Python\Python39\Lib\token.py first seen with mtime 1652795112.0
DEBUG 2024-06-25 09:47:19,886 autoreload File C:\Users\User\Desktop\cakesTP\.venv\Lib\site-packages\django\db\models\sql\datastructures.py first seen with mtime 1718659995.4967544
DEBUG 2024-06-25 09:47:19,887 autoreload File C:\Users\User\AppData\Local\Programs\Python\Python39\Lib\posixpath.py first seen with mtime 1652795110.0
DEBUG 2024-06-25 09:47:19,887 autoreload File C:\Users\User\AppData\Local\Programs\Python\Python39\Lib\contextlib.py first seen with mtime 1652795110.0
DEBUG 2024-06-25 09:47:19,887 autoreload File C:\Users\User\Desktop\cakesTP\.venv\Lib\site-packages\django\template\loaders\cached.py first seen with mtime 1718659995.5960789
DEBUG 2024-06-25 09:47:19,887 autoreload File C:\Users\User\Desktop\cakesTP\.venv\Lib\site-packages\_distutils_hack\__init__.py first seen with mtime 1718659696.9198465
DEBUG 2024-06-25 09:47:19,887 autoreload File C:\Users\User\AppData\Local\Programs\Python\Python39\Lib\email\contentmanager.py first seen with mtime 1652795110.0
DEBUG 2024-06-25 09:47:19,887 autoreload File C:\Users\User\Desktop\cakesTP\.venv\Lib\site-packages\rest_framework\utils\__init__.py first seen with mtime 1718915696.3070462
DEBUG 2024-06-25 09:47:19,887 autoreload File C:\Users\User\AppData\Local\Programs\Python\Python39\Lib\asyncio\exceptions.py first seen with mtime 1652795110.0
DEBUG 2024-06-25 09:47:19,888 autoreload File C:\Users\User\Desktop\cakesTP\.venv\Lib\site-packages\django\db\backends\sqlite3\__init__.py first seen with mtime 1718659995.4436827
DEBUG 2024-06-25 09:47:19,888 autoreload File C:\Users\User\Desktop\cakesTP\.venv\Lib\site-packages\asgiref\__init__.py first seen with mtime 1718659992.349973
DEBUG 2024-06-25 09:47:19,888 autoreload File C:\Users\User\Desktop\cakesTP\.venv\Lib\site-packages\django\contrib\messages\utils.py first seen with mtime 1718659994.5711622
DEBUG 2024-06-25 09:47:19,888 autoreload File C:\Users\User\Desktop\cakesTP\.venv\Lib\site-packages\django\urls\exceptions.py first seen with mtime 1718659995.612872
DEBUG 2024-06-25 09:47:19,888 autoreload File C:\Users\User\Desktop\cakesTP\.venv\Lib\site-packages\django\http\response.py first seen with mtime 1718659995.5732954
DEBUG 2024-06-25 09:47:19,888 autoreload File C:\Users\User\AppData\Local\Programs\Python\Python39\Lib\copy.py first seen with mtime 1652795110.0
DEBUG 2024-06-25 09:47:19,888 autoreload File C:\Users\User\Desktop\cakesTP\.venv\Lib\site-packages\django\core\cache\utils.py first seen with mtime 1718659995.3213189
DEBUG 2024-06-25 09:47:19,889 autoreload File C:\Users\User\AppData\Local\Programs\Python\Python39\Lib\email\policy.py first seen with mtime 1652795110.0
DEBUG 2024-06-25 09:47:19,889 autoreload File C:\Users\User\Desktop\cakesTP\.venv\Lib\site-packages\rest_framework\relations.py first seen with mtime 1718915696.1069996
DEBUG 2024-06-25 09:47:19,889 autoreload File C:\Users\User\Desktop\cakesTP\.venv\Lib\site-packages\django\contrib\staticfiles\checks.py first seen with mtime 1718659995.3042474
DEBUG 2024-06-25 09:47:19,889 autoreload File C:\Users\User\Desktop\cakesTP\.venv\Lib\site-packages\django\utils\lorem_ipsum.py first seen with mtime 1718659995.633921
DEBUG 2024-06-25 09:47:19,889 autoreload File C:\Users\User\Desktop\cakesTP\.venv\Lib\site-packages\rest_framework\schemas\utils.py first seen with mtime 1718915696.2180252
DEBUG 2024-06-25 09:47:19,889 autoreload File C:\Users\User\AppData\Local\Programs\Python\Python39\Lib\_compression.py first seen with mtime 1652795110.0
DEBUG 2024-06-25 09:47:19,889 autoreload File C:\Users\User\Desktop\cakesTP\.venv\Lib\site-packages\django\contrib\postgres\__init__.py first seen with mtime 1718659994.5751631
DEBUG 2024-06-25 09:47:19,890 autoreload File C:\Users\User\AppData\Local\Programs\Python\Python39\Lib\copyreg.py first seen with mtime 1652795110.0
DEBUG 2024-06-25 09:47:19,890 autoreload File C:\Users\User\Desktop\cakesTP\.venv\Lib\site-packages\django\core\checks\security\base.py first seen with mtime 1718659995.3363225
DEBUG 2024-06-25 09:47:19,890 autoreload File C:\Users\User\AppData\Local\Programs\Python\Python39\DLLs\select.pyd first seen with mtime 1652795162.0
DEBUG 2024-06-25 09:47:19,890 autoreload File C:\Users\User\Desktop\cakesTP\.venv\Lib\site-packages\sqlparse\cli.py first seen with mtime 1718659991.8448882
DEBUG 2024-06-25 09:47:19,890 autoreload File C:\Users\User\AppData\Local\Programs\Python\Python39\Lib\encodings\cp1251.py first seen with mtime 1652795110.0
DEBUG 2024-06-25 09:47:19,890 autoreload File C:\Users\User\Desktop\cakesTP\.venv\Lib\site-packages\sqlparse\filters\reindent.py first seen with mtime 1718659991.8588896
DEBUG 2024-06-25 09:47:19,890 autoreload File C:\Users\User\AppData\Local\Programs\Python\Python39\DLLs\unicodedata.pyd first seen with mtime 1652795164.0
DEBUG 2024-06-25 09:47:19,891 autoreload File C:\Users\User\Desktop\cakesTP\.venv\Lib\site-packages\django\contrib\postgres\forms\hstore.py first seen with mtime 1718659994.5911658
DEBUG 2024-06-25 09:47:19,891 autoreload File C:\Users\User\AppData\Local\Programs\Python\Python39\Lib\wsgiref\headers.py first seen with mtime 1652795112.0
DEBUG 2024-06-25 09:47:19,891 autoreload File C:\Users\User\Desktop\cakesTP\.venv\Lib\site-packages\django\contrib\auth\checks.py first seen with mtime 1718659993.5846908
DEBUG 2024-06-25 09:47:19,891 autoreload File C:\Users\User\Desktop\cakesTP\.venv\Lib\site-packages\django\contrib\admin\exceptions.py first seen with mtime 1718659992.881156
DEBUG 2024-06-25 09:47:19,891 autoreload File C:\Users\User\Desktop\cakesTP\.venv\Lib\site-packages\sqlparse\__init__.py first seen with mtime 1718659991.8428876
DEBUG 2024-06-25 09:47:19,891 autoreload File C:\Users\User\Desktop\cakesTP\.venv\Lib\site-packages\django\db\backends\__init__.py first seen with mtime 1718659995.389563
DEBUG 2024-06-25 09:47:19,892 autoreload File C:\Users\User\AppData\Local\Programs\Python\Python39\Lib\encodings\__init__.py first seen with mtime 1652795110.0
DEBUG 2024-06-25 09:47:19,892 autoreload File C:\Users\User\Desktop\cakesTP\.venv\Lib\site-packages\django\template\defaultfilters.py first seen with mtime 1718659995.584299
DEBUG 2024-06-25 09:47:19,892 autoreload File C:\Users\User\Desktop\cakesTP\.venv\Lib\site-packages\django\contrib\admindocs\__init__.py first seen with mtime 1718659993.381574
DEBUG 2024-06-25 09:47:19,892 autoreload File C:\Users\User\Desktop\cakesTP\.venv\Lib\site-packages\django\contrib\staticfiles\apps.py first seen with mtime 1718659995.3032465
DEBUG 2024-06-25 09:47:19,892 autoreload File C:\Users\User\Desktop\cakesTP\.venv\Lib\site-packages\django\core\checks\model_checks.py first seen with mtime 1718659995.331321
DEBUG 2024-06-25 09:47:19,892 autoreload File C:\Users\User\Desktop\cakesTP\.venv\Lib\site-packages\rest_framework\generics.py first seen with mtime 1718915696.1009996
DEBUG 2024-06-25 09:47:19,892 autoreload File C:\Users\User\Desktop\cakesTP\project\cakes\main\models.py first seen with mtime 1719296910.36132
DEBUG 2024-06-25 09:47:19,892 autoreload File C:\Users\User\Desktop\cakesTP\.venv\Lib\site-packages\django\views\generic\edit.py first seen with mtime 1718659995.6600392
DEBUG 2024-06-25 09:47:19,893 autoreload File C:\Users\User\Desktop\cakesTP\project\cakes\main\apps.py first seen with mtime 1718659537.1483452
DEBUG 2024-06-25 09:47:19,893 autoreload File C:\Users\User\Desktop\cakesTP\.venv\Lib\site-packages\django\forms\models.py first seen with mtime 1718659995.5057564
DEBUG 2024-06-25 09:47:19,893 autoreload File C:\Users\User\Desktop\cakesTP\.venv\Lib\site-packages\django\contrib\auth\apps.py first seen with mtime 1718659993.5826888
DEBUG 2024-06-25 09:47:19,893 autoreload File C:\Users\User\AppData\Local\Programs\Python\Python39\Lib\asyncio\events.py first seen with mtime 1652795110.0
DEBUG 2024-06-25 09:47:19,893 autoreload File C:\Users\User\AppData\Local\Programs\Python\Python39\Lib\zoneinfo\__init__.py first seen with mtime 1652795112.0
DEBUG 2024-06-25 09:47:19,893 autoreload File C:\Users\User\AppData\Local\Programs\Python\Python39\Lib\site.py first seen with mtime 1652795110.0
DEBUG 2024-06-25 09:47:19,893 autoreload File C:\Users\User\AppData\Local\Programs\Python\Python39\Lib\csv.py first seen with mtime 1652795110.0
DEBUG 2024-06-25 09:47:19,894 autoreload File C:\Users\User\Desktop\cakesTP\.venv\Lib\site-packages\rest_framework\utils\mediatypes.py first seen with mtime 1718915696.3130453
DEBUG 2024-06-25 09:47:19,894 autoreload File C:\Users\User\AppData\Local\Programs\Python\Python39\Lib\http\cookies.py first seen with mtime 1652795110.0
DEBUG 2024-06-25 09:47:19,894 autoreload File C:\Users\User\Desktop\cakesTP\.venv\Lib\site-packages\django\utils\numberformat.py first seen with mtime 1718659995.6349216
DEBUG 2024-06-25 09:47:19,894 autoreload File C:\Users\User\AppData\Local\Programs\Python\Python39\Lib\concurrent\futures\__init__.py first seen with mtime 1652795110.0
DEBUG 2024-06-25 09:47:19,894 autoreload File C:\Users\User\Desktop\cakesTP\.venv\Lib\site-packages\django\utils\html.py first seen with mtime 1718659995.6299202
DEBUG 2024-06-25 09:47:19,894 autoreload File C:\Users\User\AppData\Local\Programs\Python\Python39\DLLs\_ssl.pyd first seen with mtime 1652795162.0
DEBUG 2024-06-25 09:47:19,894 autoreload File C:\Users\User\Desktop\cakesTP\.venv\Lib\site-packages\django\core\checks\compatibility\django_4_0.py first seen with mtime 1718659995.3343217
DEBUG 2024-06-25 09:47:19,895 autoreload File C:\Users\User\AppData\Local\Programs\Python\Python39\DLLs\_socket.pyd first seen with mtime 1652795162.0
DEBUG 2024-06-25 09:47:19,895 autoreload File C:\Users\User\AppData\Local\Programs\Python\Python39\Lib\email\base64mime.py first seen with mtime 1652795110.0
DEBUG 2024-06-25 09:47:19,895 autoreload File C:\Users\User\Desktop\cakesTP\.venv\Lib\site-packages\rest_framework\utils\encoders.py first seen with mtime 1718915696.309047
DEBUG 2024-06-25 09:47:19,895 autoreload File C:\Users\User\Desktop\cakesTP\.venv\Lib\site-packages\django\db\models\functions\math.py first seen with mtime 1718659995.4917536
DEBUG 2024-06-25 09:47:19,895 autoreload File C:\Users\User\AppData\Local\Programs\Python\Python39\Lib\multiprocessing\__init__.py first seen with mtime 1652795110.0
DEBUG 2024-06-25 09:47:19,895 autoreload File C:\Users\User\Desktop\cakesTP\.venv\Lib\site-packages\django\db\models\fields\proxy.py first seen with mtime 1718659995.4837525
DEBUG 2024-06-25 09:47:19,896 autoreload File C:\Users\User\Desktop\cakesTP\.venv\Lib\site-packages\django\__init__.py first seen with mtime 1718659992.5403647
DEBUG 2024-06-25 09:47:19,896 autoreload File C:\Users\User\Desktop\cakesTP\.venv\Lib\site-packages\django\contrib\admin\templatetags\admin_modify.py first seen with mtime 1718659993.3765726
DEBUG 2024-06-25 09:47:19,896 autoreload File C:\Users\User\Desktop\cakesTP\.venv\Lib\site-packages\django\contrib\admin\templatetags\admin_urls.py first seen with mtime 1718659993.3775754
DEBUG 2024-06-25 09:47:19,896 autoreload File C:\Users\User\Desktop\cakesTP\.venv\Lib\site-packages\django\core\management\color.py first seen with mtime 1718659995.3624601
DEBUG 2024-06-25 09:47:19,896 autoreload File C:\Users\User\Desktop\cakesTP\.venv\Lib\site-packages\django\contrib\admin\templatetags\log.py first seen with mtime 1718659993.3785734
DEBUG 2024-06-25 09:47:19,896 autoreload File C:\Users\User\Desktop\cakesTP\.venv\Lib\site-packages\django\db\models\fields\related.py first seen with mtime 1718659995.4847517
DEBUG 2024-06-25 09:47:19,896 autoreload File C:\Users\User\Desktop\cakesTP\.venv\Lib\site-packages\django\conf\global_settings.py first seen with mtime 1718659992.5463977
DEBUG 2024-06-25 09:47:19,896 autoreload File C:\Users\User\Desktop\cakesTP\.venv\Lib\site-packages\django\contrib\contenttypes\fields.py first seen with mtime 1718659993.7768373
DEBUG 2024-06-25 09:47:19,897 autoreload File C:\Users\User\Desktop\cakesTP\.venv\Lib\site-packages\django\core\checks\__init__.py first seen with mtime 1718659995.3273206
DEBUG 2024-06-25 09:47:19,897 autoreload File C:\Users\User\AppData\Local\Programs\Python\Python39\Lib\gzip.py first seen with mtime 1652795110.0
DEBUG 2024-06-25 09:47:19,897 autoreload File C:\Users\User\Desktop\cakesTP\.venv\Lib\site-packages\django\core\validators.py first seen with mtime 1718659995.3193188
DEBUG 2024-06-25 09:47:19,897 autoreload File C:\Users\User\AppData\Local\Programs\Python\Python39\DLLs\_uuid.pyd first seen with mtime 1652795162.0
DEBUG 2024-06-25 09:47:19,897 autoreload File C:\Users\User\Desktop\cakesTP\.venv\Lib\site-packages\django\core\files\storage\__init__.py first seen with mtime 1718659995.3444095
DEBUG 2024-06-25 09:47:19,897 autoreload File C:\Users\User\Desktop\cakesTP\.venv\Lib\site-packages\django\db\models\sql\subqueries.py first seen with mtime 1718659995.4987545
DEBUG 2024-06-25 09:47:19,897 autoreload File C:\Users\User\AppData\Local\Programs\Python\Python39\Lib\uuid.py first seen with mtime 1652795112.0
DEBUG 2024-06-25 09:47:19,898 autoreload File C:\Users\User\Desktop\cakesTP\.venv\Lib\site-packages\django\db\models\functions\window.py first seen with mtime 1718659995.4937544
DEBUG 2024-06-25 09:47:19,898 autoreload File C:\Users\User\Desktop\cakesTP\.venv\Lib\site-packages\django\contrib\admin\templatetags\base.py first seen with mtime 1718659993.3775754
DEBUG 2024-06-25 09:47:19,898 autoreload File C:\Users\User\Desktop\cakesTP\.venv\Lib\site-packages\django\contrib\staticfiles\management\commands\__init__.py first seen with mtime 1718659995.3102481
DEBUG 2024-06-25 09:47:19,898 autoreload File C:\Users\User\Desktop\cakesTP\.venv\Lib\site-packages\django\utils\timezone.py first seen with mtime 1718659995.6400344
DEBUG 2024-06-25 09:47:19,898 autoreload File C:\Users\User\Desktop\cakesTP\.venv\Lib\site-packages\django\template\utils.py first seen with mtime 1718659995.5904176
DEBUG 2024-06-25 09:47:19,898 autoreload File C:\Users\User\AppData\Local\Programs\Python\Python39\Lib\asyncio\runners.py first seen with mtime 1652795110.0
DEBUG 2024-06-25 09:47:19,898 autoreload File C:\Users\User\AppData\Local\Programs\Python\Python39\Lib\bz2.py first seen with mtime 1652795110.0
DEBUG 2024-06-25 09:47:19,899 autoreload File C:\Users\User\Desktop\cakesTP\.venv\Lib\site-packages\django\apps\config.py first seen with mtime 1718659992.543347
DEBUG 2024-06-25 09:47:19,899 autoreload File C:\Users\User\Desktop\cakesTP\.venv\Lib\site-packages\django\db\models\fields\files.py first seen with mtime 1718659995.4817514
DEBUG 2024-06-25 09:47:19,899 autoreload File C:\Users\User\Desktop\cakesTP\.venv\Lib\site-packages\django\core\checks\database.py first seen with mtime 1718659995.329321
DEBUG 2024-06-25 09:47:19,899 autoreload File C:\Users\User\Desktop\cakesTP\.venv\Lib\site-packages\django\views\decorators\__init__.py first seen with mtime 1718659995.6510365
DEBUG 2024-06-25 09:47:19,899 autoreload File C:\Users\User\Desktop\cakesTP\.venv\Lib\site-packages\sqlparse\engine\statement_splitter.py first seen with mtime 1718659991.8538907
DEBUG 2024-06-25 09:47:19,899 autoreload File C:\Users\User\Desktop\cakesTP\.venv\Lib\site-packages\django\db\models\functions\comparison.py first seen with mtime 1718659995.4897532
DEBUG 2024-06-25 09:47:19,899 autoreload File C:\Users\User\AppData\Local\Programs\Python\Python39\Lib\asyncio\constants.py first seen with mtime 1652795110.0
DEBUG 2024-06-25 09:47:19,900 autoreload File C:\Users\User\AppData\Local\Programs\Python\Python39\Lib\asyncio\subprocess.py first seen with mtime 1652795110.0
DEBUG 2024-06-25 09:47:19,900 autoreload File C:\Users\User\Desktop\cakesTP\.venv\Lib\site-packages\django\utils\dates.py first seen with mtime 1718659995.622919
DEBUG 2024-06-25 09:47:19,900 autoreload File C:\Users\User\Desktop\cakesTP\.venv\Lib\site-packages\django\utils\duration.py first seen with mtime 1718659995.62592
DEBUG 2024-06-25 09:47:19,900 autoreload File C:\Users\User\Desktop\cakesTP\.venv\Lib\site-packages\django\core\checks\registry.py first seen with mtime 1718659995.331321
DEBUG 2024-06-25 09:47:19,900 autoreload File C:\Users\User\Desktop\cakesTP\.venv\Lib\site-packages\django\conf\urls\__init__.py first seen with mtime 1718659992.873155
DEBUG 2024-06-25 09:47:19,900 autoreload File C:\Users\User\Desktop\cakesTP\.venv\Lib\site-packages\sqlparse\tokens.py first seen with mtime 1718659991.8498895
DEBUG 2024-06-25 09:47:19,901 autoreload File C:\Users\User\AppData\Local\Programs\Python\Python39\Lib\ctypes\wintypes.py first seen with mtime 1652795110.0
DEBUG 2024-06-25 09:47:19,901 autoreload File C:\Users\User\Desktop\cakesTP\.venv\Lib\site-packages\django\contrib\auth\decorators.py first seen with mtime 1718659993.5876918
DEBUG 2024-06-25 09:47:19,901 autoreload File C:\Users\User\Desktop\cakesTP\.venv\Lib\site-packages\sqlparse\filters\output.py first seen with mtime 1718659991.8578892
DEBUG 2024-06-25 09:47:19,901 autoreload File C:\Users\User\AppData\Local\Programs\Python\Python39\Lib\bisect.py first seen with mtime 1652795110.0
DEBUG 2024-06-25 09:47:19,901 autoreload File C:\Users\User\AppData\Local\Programs\Python\Python39\Lib\_collections_abc.py first seen with mtime 1652795110.0
DEBUG 2024-06-25 09:47:19,901 autoreload File C:\Users\User\Desktop\cakesTP\.venv\Lib\site-packages\django\contrib\postgres\lookups.py first seen with mtime 1718659994.5791638
DEBUG 2024-06-25 09:47:19,901 autoreload File C:\Users\User\Desktop\cakesTP\.venv\Lib\site-packages\django\contrib\sites\shortcuts.py first seen with mtime 1718659995.1277673
DEBUG 2024-06-25 09:47:19,902 autoreload File C:\Users\User\Desktop\cakesTP\.venv\Lib\site-packages\django\contrib\admin\actions.py first seen with mtime 1718659992.8781552
DEBUG 2024-06-25 09:47:19,902 autoreload File C:\Users\User\Desktop\cakesTP\.venv\Lib\site-packages\django\contrib\sessions\apps.py first seen with mtime 1718659994.911832
DEBUG 2024-06-25 09:47:19,902 autoreload File C:\Users\User\AppData\Local\Programs\Python\Python39\Lib\json\scanner.py first seen with mtime 1652795110.0
DEBUG 2024-06-25 09:47:19,902 autoreload File C:\Users\User\Desktop\cakesTP\.venv\Lib\site-packages\django\core\handlers\__init__.py first seen with mtime 1718659995.34841
DEBUG 2024-06-25 09:47:19,902 autoreload File C:\Users\User\AppData\Local\Programs\Python\Python39\Lib\asyncio\trsock.py first seen with mtime 1652795110.0
DEBUG 2024-06-25 09:47:19,902 autoreload File C:\Users\User\Desktop\cakesTP\.venv\Lib\site-packages\django\templatetags\__init__.py first seen with mtime 1718659995.5981336
DEBUG 2024-06-25 09:47:19,902 autoreload File C:\Users\User\Desktop\cakesTP\.venv\Lib\site-packages\django\contrib\admindocs\views.py first seen with mtime 1718659993.3855755
DEBUG 2024-06-25 09:47:19,902 autoreload File C:\Users\User\AppData\Local\Programs\Python\Python39\Lib\email\mime\message.py first seen with mtime 1652795110.0
DEBUG 2024-06-25 09:47:19,903 autoreload File C:\Users\User\Desktop\cakesTP\.venv\Lib\site-packages\django\template\base.py first seen with mtime 1718659995.5812988
DEBUG 2024-06-25 09:47:19,903 autoreload File C:\Users\User\AppData\Local\Programs\Python\Python39\Lib\urllib\error.py first seen with mtime 1652795112.0
DEBUG 2024-06-25 09:47:19,903 autoreload File C:\Users\User\Desktop\cakesTP\.venv\Lib\site-packages\django\forms\forms.py first seen with mtime 1718659995.504756
DEBUG 2024-06-25 09:47:19,903 autoreload File C:\Users\User\AppData\Local\Programs\Python\Python39\Lib\heapq.py first seen with mtime 1652795110.0
DEBUG 2024-06-25 09:47:19,903 autoreload File C:\Users\User\AppData\Local\Programs\Python\Python39\Lib\fnmatch.py first seen with mtime 1652795110.0
DEBUG 2024-06-25 09:47:19,903 autoreload File C:\Users\User\AppData\Local\Programs\Python\Python39\Lib\subprocess.py first seen with mtime 1652795110.0
DEBUG 2024-06-25 09:47:19,903 autoreload File C:\Users\User\AppData\Local\Programs\Python\Python39\Lib\logging\__init__.py first seen with mtime 1652795110.0
DEBUG 2024-06-25 09:47:19,904 autoreload File C:\Users\User\Desktop\cakesTP\.venv\Lib\site-packages\django\db\migrations\operations\base.py first seen with mtime 1718659995.4616861
DEBUG 2024-06-25 09:47:19,904 autoreload File C:\Users\User\AppData\Local\Programs\Python\Python39\Lib\argparse.py first seen with mtime 1652795110.0
DEBUG 2024-06-25 09:47:19,904 autoreload File C:\Users\User\Desktop\cakesTP\.venv\Lib\site-packages\django\template\autoreload.py first seen with mtime 1718659995.5812988
DEBUG 2024-06-25 09:47:19,904 autoreload File C:\Users\User\AppData\Local\Programs\Python\Python39\Lib\email\encoders.py first seen with mtime 1652795110.0
DEBUG 2024-06-25 09:47:19,904 autoreload File C:\Users\User\Desktop\cakesTP\.venv\Lib\site-packages\django\db\backends\base\validation.py first seen with mtime 1718659995.3975656
DEBUG 2024-06-25 09:47:19,904 autoreload File C:\Users\User\AppData\Local\Programs\Python\Python39\Lib\difflib.py first seen with mtime 1652795110.0
DEBUG 2024-06-25 09:47:19,904 autoreload File C:\Users\User\Desktop\cakesTP\.venv\Lib\site-packages\django\template\response.py first seen with mtime 1718659995.5893855
DEBUG 2024-06-25 09:47:19,905 autoreload File C:\Users\User\Desktop\cakesTP\.venv\Lib\site-packages\django\utils\datastructures.py first seen with mtime 1718659995.620919
DEBUG 2024-06-25 09:47:19,905 autoreload File C:\Users\User\Desktop\cakesTP\.venv\Lib\site-packages\asgiref\sync.py first seen with mtime 1718659992.3539593
DEBUG 2024-06-25 09:47:19,905 autoreload File C:\Users\User\Desktop\cakesTP\.venv\Lib\site-packages\django\views\defaults.py first seen with mtime 1718659995.6490364
DEBUG 2024-06-25 09:47:19,905 autoreload File C:\Users\User\Desktop\cakesTP\project\cakes\manage.py first seen with mtime 1718876936.6685362
DEBUG 2024-06-25 09:47:19,905 autoreload File C:\Users\User\AppData\Local\Programs\Python\Python39\Lib\genericpath.py first seen with mtime 1652795110.0
DEBUG 2024-06-25 09:47:19,905 autoreload File C:\Users\User\AppData\Local\Programs\Python\Python39\DLLs\_asyncio.pyd first seen with mtime 1652795162.0
DEBUG 2024-06-25 09:47:19,905 autoreload File C:\Users\User\Desktop\cakesTP\.venv\Lib\site-packages\django\contrib\staticfiles\handlers.py first seen with mtime 1718659995.3052485
DEBUG 2024-06-25 09:47:19,906 autoreload File C:\Users\User\AppData\Local\Programs\Python\Python39\Lib\shutil.py first seen with mtime 1652795110.0
DEBUG 2024-06-25 09:47:19,906 autoreload File C:\Users\User\Desktop\cakesTP\.venv\Lib\site-packages\django\template\engine.py first seen with mtime 1718659995.5852985
DEBUG 2024-06-25 09:47:19,906 autoreload File C:\Users\User\Desktop\cakesTP\.venv\Lib\site-packages\rest_framework\fields.py first seen with mtime 1718915696.099998
DEBUG 2024-06-25 09:47:19,906 autoreload File C:\Users\User\Desktop\cakesTP\.venv\Lib\site-packages\django\contrib\admin\checks.py first seen with mtime 1718659992.8791554
DEBUG 2024-06-25 09:47:19,906 autoreload File C:\Users\User\Desktop\cakesTP\.venv\Lib\site-packages\django\contrib\contenttypes\__init__.py first seen with mtime 1718659993.7738369
DEBUG 2024-06-25 09:47:19,906 autoreload File C:\Users\User\Desktop\cakesTP\.venv\Lib\site-packages\django\core\servers\basehttp.py first seen with mtime 1718659995.3875322
DEBUG 2024-06-25 09:47:19,906 autoreload File C:\Users\User\Desktop\cakesTP\.venv\Lib\site-packages\asgiref\local.py first seen with mtime 1718659992.3519588
DEBUG 2024-06-25 09:47:19,907 autoreload File C:\Users\User\AppData\Local\Programs\Python\Python39\Lib\__future__.py first seen with mtime 1652795110.0
DEBUG 2024-06-25 09:47:19,907 autoreload File C:\Users\User\Desktop\cakesTP\.venv\Lib\site-packages\rest_framework\schemas\views.py first seen with mtime 1718915696.2180252
DEBUG 2024-06-25 09:47:19,907 autoreload File C:\Users\User\AppData\Local\Programs\Python\Python39\Lib\html\__init__.py first seen with mtime 1652795110.0
DEBUG 2024-06-25 09:47:19,907 autoreload File C:\Users\User\AppData\Local\Programs\Python\Python39\Lib\asyncio\threads.py first seen with mtime 1652795110.0
DEBUG 2024-06-25 09:47:19,907 autoreload File C:\Users\User\Desktop\cakesTP\.venv\Lib\site-packages\django\utils\text.py first seen with mtime 1718659995.6379938
DEBUG 2024-06-25 09:47:19,907 autoreload File C:\Users\User\AppData\Local\Programs\Python\Python39\Lib\html\parser.py first seen with mtime 1652795110.0
DEBUG 2024-06-25 09:47:19,907 autoreload File C:\Users\User\AppData\Local\Programs\Python\Python39\Lib\_sitebuiltins.py first seen with mtime 1652795110.0
DEBUG 2024-06-25 09:47:19,908 autoreload File C:\Users\User\AppData\Local\Programs\Python\Python39\Lib\_weakrefset.py first seen with mtime 1652795110.0
DEBUG 2024-06-25 09:47:19,908 autoreload File C:\Users\User\Desktop\cakesTP\.venv\Lib\site-packages\rest_framework\authentication.py first seen with mtime 1718915696.0940104
DEBUG 2024-06-25 09:47:19,908 autoreload File C:\Users\User\Desktop\cakesTP\.venv\Lib\site-packages\django\utils\module_loading.py first seen with mtime 1718659995.6349216
DEBUG 2024-06-25 09:47:19,908 autoreload File C:\Users\User\Desktop\cakesTP\.venv\Lib\site-packages\django\contrib\admin\apps.py first seen with mtime 1718659992.8781552
DEBUG 2024-06-25 09:47:19,908 autoreload File C:\Users\User\AppData\Local\Programs\Python\Python39\Lib\asyncio\transports.py first seen with mtime 1652795110.0
DEBUG 2024-06-25 09:47:19,908 autoreload File C:\Users\User\Desktop\cakesTP\.venv\Lib\site-packages\django\template\backends\base.py first seen with mtime 1718659995.5914447
DEBUG 2024-06-25 09:47:19,908 autoreload File C:\Users\User\Desktop\cakesTP\.venv\Lib\site-packages\django\db\backends\sqlite3\client.py first seen with mtime 1718659995.4456825
DEBUG 2024-06-25 09:47:19,909 autoreload File C:\Users\User\AppData\Local\Programs\Python\Python39\Lib\asyncio\base_subprocess.py first seen with mtime 1652795110.0
DEBUG 2024-06-25 09:47:19,909 autoreload File C:\Users\User\Desktop\cakesTP\.venv\Lib\site-packages\django\utils\regex_helper.py first seen with mtime 1718659995.635922
DEBUG 2024-06-25 09:47:19,909 autoreload File C:\Users\User\Desktop\cakesTP\.venv\Lib\site-packages\django\utils\decorators.py first seen with mtime 1718659995.6249194
DEBUG 2024-06-25 09:47:19,909 autoreload File C:\Users\User\Desktop\cakesTP\.venv\Lib\site-packages\rest_framework\schemas\coreapi.py first seen with mtime 1718915696.215028
DEBUG 2024-06-25 09:47:19,909 autoreload File C:\Users\User\Desktop\cakesTP\.venv\Lib\site-packages\rest_framework\parsers.py first seen with mtime 1718915696.1049995
DEBUG 2024-06-25 09:47:19,909 autoreload File C:\Users\User\Desktop\cakesTP\project\cakes\cakes\urls.py first seen with mtime 1718659537.1443446
DEBUG 2024-06-25 09:47:19,909 autoreload File C:\Users\User\Desktop\cakesTP\.venv\Lib\site-packages\django\shortcuts.py first seen with mtime 1718659992.5423453
DEBUG 2024-06-25 09:47:19,909 autoreload File C:\Users\User\AppData\Local\Programs\Python\Python39\Lib\gettext.py first seen with mtime 1652795110.0
DEBUG 2024-06-25 09:47:19,910 autoreload File C:\Users\User\Desktop\cakesTP\.venv\Lib\site-packages\django\apps\registry.py first seen with mtime 1718659992.5443969
DEBUG 2024-06-25 09:47:19,910 autoreload File C:\Users\User\Desktop\cakesTP\.venv\Lib\site-packages\django\db\models\sql\constants.py first seen with mtime 1718659995.495753
DEBUG 2024-06-25 09:47:19,910 autoreload File C:\Users\User\Desktop\cakesTP\.venv\Lib\site-packages\rest_framework\settings.py first seen with mtime 1718915696.1120014
DEBUG 2024-06-25 09:47:19,910 autoreload File C:\Users\User\Desktop\cakesTP\.venv\Lib\site-packages\rest_framework\negotiation.py first seen with mtime 1718915696.1029992
DEBUG 2024-06-25 09:47:19,910 autoreload File C:\Users\User\AppData\Local\Programs\Python\Python39\Lib\sqlite3\dbapi2.py first seen with mtime 1652795110.0
DEBUG 2024-06-25 09:47:19,910 autoreload File C:\Users\User\Desktop\cakesTP\.venv\Lib\site-packages\django\core\cache\backends\locmem.py first seen with mtime 1718659995.32532
DEBUG 2024-06-25 09:47:19,910 autoreload File C:\Users\User\Desktop\cakesTP\.venv\Lib\site-packages\rest_framework\utils\humanize_datetime.py first seen with mtime 1718915696.312046
DEBUG 2024-06-25 09:47:19,911 autoreload File C:\Users\User\Desktop\cakesTP\.venv\Lib\site-packages\django\core\handlers\asgi.py first seen with mtime 1718659995.34841
DEBUG 2024-06-25 09:47:19,911 autoreload File C:\Users\User\AppData\Local\Programs\Python\Python39\Lib\asyncio\staggered.py first seen with mtime 1652795110.0
DEBUG 2024-06-25 09:47:19,911 autoreload File C:\Users\User\Desktop\cakesTP\.venv\Lib\site-packages\django\contrib\postgres\utils.py first seen with mtime 1718659994.5821643
DEBUG 2024-06-25 09:47:19,912 autoreload File C:\Users\User\Desktop\cakesTP\.venv\Lib\site-packages\django\db\models\sql\where.py first seen with mtime 1718659995.4997544
DEBUG 2024-06-25 09:47:19,912 autoreload File C:\Users\User\Desktop\cakesTP\.venv\Lib\site-packages\django\core\checks\templates.py first seen with mtime 1718659995.3323216
DEBUG 2024-06-25 09:47:19,912 autoreload File C:\Users\User\Desktop\cakesTP\.venv\Lib\site-packages\django\core\files\storage\filesystem.py first seen with mtime 1718659995.3454103
DEBUG 2024-06-25 09:47:19,912 autoreload File C:\Users\User\Desktop\cakesTP\.venv\Lib\site-packages\django\contrib\admin\views\main.py first seen with mtime 1718659993.381574
DEBUG 2024-06-25 09:47:19,913 autoreload File C:\Users\User\Desktop\cakesTP\.venv\Lib\site-packages\django\core\mail\message.py first seen with mtime 1718659995.352411
DEBUG 2024-06-25 09:47:19,913 autoreload File C:\Users\User\Desktop\cakesTP\.venv\Lib\site-packages\rest_framework\status.py first seen with mtime 1718915696.1130016
DEBUG 2024-06-25 09:47:19,913 autoreload File C:\Users\User\Desktop\cakesTP\.venv\Lib\site-packages\django\template\loader.py first seen with mtime 1718659995.5883439
DEBUG 2024-06-25 09:47:19,913 autoreload File C:\Users\User\Desktop\cakesTP\.venv\Lib\site-packages\django\views\decorators\csrf.py first seen with mtime 1718659995.6540377
DEBUG 2024-06-25 09:47:19,914 autoreload File C:\Users\User\AppData\Local\Programs\Python\Python39\Lib\tempfile.py first seen with mtime 1652795110.0
DEBUG 2024-06-25 09:47:19,914 autoreload File C:\Users\User\Desktop\cakesTP\.venv\Lib\site-packages\django\core\signing.py first seen with mtime 1718659995.318318
DEBUG 2024-06-25 09:47:19,914 autoreload File C:\Users\User\Desktop\cakesTP\.venv\Lib\site-packages\django\views\decorators\debug.py first seen with mtime 1718659995.6540377
DEBUG 2024-06-25 09:47:19,914 autoreload File C:\Users\User\Desktop\cakesTP\.venv\Lib\site-packages\django\db\migrations\migration.py first seen with mtime 1718659995.455685
DEBUG 2024-06-25 09:47:19,915 autoreload File C:\Users\User\Desktop\cakesTP\.venv\Lib\site-packages\sqlparse\utils.py first seen with mtime 1718659991.8508887
DEBUG 2024-06-25 09:47:19,915 autoreload File C:\Users\User\Desktop\cakesTP\.venv\Lib\site-packages\rest_framework\__init__.py first seen with mtime 1718915696.0920138
DEBUG 2024-06-25 09:47:19,915 autoreload File C:\Users\User\Desktop\cakesTP\.venv\Lib\site-packages\django\db\backends\sqlite3\base.py first seen with mtime 1718659995.4456825
DEBUG 2024-06-25 09:47:19,915 autoreload File C:\Users\User\Desktop\cakesTP\.venv\Lib\site-packages\django\contrib\admin\decorators.py first seen with mtime 1718659992.880157
DEBUG 2024-06-25 09:47:19,916 autoreload File C:\Users\User\Desktop\cakesTP\.venv\Lib\site-packages\django\db\backends\utils.py first seen with mtime 1718659995.391564
DEBUG 2024-06-25 09:47:19,916 autoreload File C:\Users\User\Desktop\cakesTP\.venv\Lib\site-packages\rest_framework\utils\representation.py first seen with mtime 1718915696.3150458
DEBUG 2024-06-25 09:47:19,916 autoreload File C:\Users\User\Desktop\cakesTP\.venv\Lib\site-packages\rest_framework\request.py first seen with mtime 1718915696.1079993
DEBUG 2024-06-25 09:47:19,916 autoreload File C:\Users\User\AppData\Local\Programs\Python\Python39\DLLs\_decimal.pyd first seen with mtime 1652795162.0
DEBUG 2024-06-25 09:47:19,916 autoreload File C:\Users\User\Desktop\cakesTP\.venv\Lib\site-packages\django\core\files\move.py first seen with mtime 1718659995.340409
DEBUG 2024-06-25 09:47:19,917 autoreload File C:\Users\User\Desktop\cakesTP\.venv\Lib\site-packages\sqlparse\lexer.py first seen with mtime 1718659991.8488886
DEBUG 2024-06-25 09:47:19,917 autoreload File C:\Users\User\AppData\Local\Programs\Python\Python39\Lib\http\client.py first seen with mtime 1652795110.0
DEBUG 2024-06-25 09:47:19,917 autoreload File C:\Users\User\Desktop\cakesTP\.venv\Lib\site-packages\django\contrib\contenttypes\views.py first seen with mtime 1718659993.7788377
DEBUG 2024-06-25 09:47:19,917 autoreload File C:\Users\User\Desktop\cakesTP\.venv\Lib\site-packages\sqlparse\engine\__init__.py first seen with mtime 1718659991.8518903
DEBUG 2024-06-25 09:47:19,918 autoreload File C:\Users\User\Desktop\cakesTP\.venv\Lib\site-packages\django\template\loaders\__init__.py first seen with mtime 1718659995.5945344
DEBUG 2024-06-25 09:47:19,918 autoreload File C:\Users\User\Desktop\cakesTP\.venv\Lib\site-packages\django\utils\encoding.py first seen with mtime 1718659995.6269195
DEBUG 2024-06-25 09:47:19,918 autoreload File C:\Users\User\AppData\Local\Programs\Python\Python39\Lib\queue.py first seen with mtime 1652795110.0
DEBUG 2024-06-25 09:47:19,918 autoreload File C:\Users\User\Desktop\cakesTP\.venv\Lib\site-packages\django\contrib\admin\helpers.py first seen with mtime 1718659992.8831666
DEBUG 2024-06-25 09:47:19,919 autoreload File C:\Users\User\AppData\Local\Programs\Python\Python39\Lib\ipaddress.py first seen with mtime 1652795110.0
DEBUG 2024-06-25 09:47:19,919 autoreload File C:\Users\User\AppData\Local\Programs\Python\Python39\Lib\weakref.py first seen with mtime 1652795112.0
DEBUG 2024-06-25 09:47:19,919 autoreload File C:\Users\User\AppData\Local\Programs\Python\Python39\Lib\email\_header_value_parser.py first seen with mtime 1652795110.0
DEBUG 2024-06-25 09:47:19,919 autoreload File C:\Users\User\Desktop\cakesTP\.venv\Lib\site-packages\django\contrib\auth\management\__init__.py first seen with mtime 1718659993.761834
DEBUG 2024-06-25 09:47:19,920 autoreload File C:\Users\User\Desktop\cakesTP\.venv\Lib\site-packages\django\utils\translation\trans_real.py first seen with mtime 1718659995.6460364
DEBUG 2024-06-25 09:47:19,920 autoreload File C:\Users\User\Desktop\cakesTP\.venv\Lib\site-packages\django\template\library.py first seen with mtime 1718659995.5872984
DEBUG 2024-06-25 09:47:19,920 autoreload File C:\Users\User\Desktop\cakesTP\.venv\Lib\site-packages\django\contrib\auth\hashers.py first seen with mtime 1718659993.5886908
DEBUG 2024-06-25 09:47:19,920 autoreload File C:\Users\User\Desktop\cakesTP\.venv\Lib\site-packages\django\core\files\storage\memory.py first seen with mtime 1718659995.3464105
DEBUG 2024-06-25 09:47:19,921 autoreload File C:\Users\User\Desktop\cakesTP\.venv\Lib\site-packages\django\contrib\messages\apps.py first seen with mtime 1718659994.568161
DEBUG 2024-06-25 09:47:19,921 autoreload File C:\Users\User\Desktop\cakesTP\.venv\Lib\site-packages\django\core\checks\messages.py first seen with mtime 1718659995.3303208
DEBUG 2024-06-25 09:47:19,921 autoreload File C:\Users\User\Desktop\cakesTP\.venv\Lib\site-packages\rest_framework\mixins.py first seen with mtime 1718915696.1029992
DEBUG 2024-06-25 09:47:19,922 autoreload File C:\Users\User\Desktop\cakesTP\project\cakes\main\templates\main first seen with mtime 1719296910.7897987
DEBUG 2024-06-25 09:47:19,922 autoreload File C:\Users\User\Desktop\cakesTP\project\cakes\main\templates\staff first seen with mtime 1719297789.6019945
DEBUG 2024-06-25 09:47:19,923 autoreload File C:\Users\User\Desktop\cakesTP\project\cakes\main\templates\main\account.html first seen with mtime 1719296910.765794
DEBUG 2024-06-25 09:47:19,923 autoreload File C:\Users\User\Desktop\cakesTP\project\cakes\main\templates\main\base.html first seen with mtime 1719296910.7677944
DEBUG 2024-06-25 09:47:19,923 autoreload File C:\Users\User\Desktop\cakesTP\project\cakes\main\templates\main\cake_info.html first seen with mtime 1718659587.62658
DEBUG 2024-06-25 09:47:19,924 autoreload File C:\Users\User\Desktop\cakesTP\project\cakes\main\templates\main\cart.html first seen with mtime 1719296910.7707944
DEBUG 2024-06-25 09:47:19,924 autoreload File C:\Users\User\Desktop\cakesTP\project\cakes\main\templates\main\catalog.html first seen with mtime 1719296910.7737963
DEBUG 2024-06-25 09:47:19,924 autoreload File C:\Users\User\Desktop\cakesTP\project\cakes\main\templates\main\constructor.html first seen with mtime 1719296910.7767968
DEBUG 2024-06-25 09:47:19,924 autoreload File C:\Users\User\Desktop\cakesTP\project\cakes\main\templates\main\delete_account_confirm_form.html first seen with mtime 1719296910.7787979
DEBUG 2024-06-25 09:47:19,925 autoreload File C:\Users\User\Desktop\cakesTP\project\cakes\main\templates\main\home.html first seen with mtime 1719296910.7807963
DEBUG 2024-06-25 09:47:19,925 autoreload File C:\Users\User\Desktop\cakesTP\project\cakes\main\templates\main\login_form.html first seen with mtime 1718659537.1613483
DEBUG 2024-06-25 09:47:19,925 autoreload File C:\Users\User\Desktop\cakesTP\project\cakes\main\templates\main\order_details.html first seen with mtime 1719296910.7837985
DEBUG 2024-06-25 09:47:19,926 autoreload File C:\Users\User\Desktop\cakesTP\project\cakes\main\templates\main\order_form.html first seen with mtime 1719296910.7867987
DEBUG 2024-06-25 09:47:19,926 autoreload File C:\Users\User\Desktop\cakesTP\project\cakes\main\templates\main\recovery_form.html first seen with mtime 1718837376.776132
DEBUG 2024-06-25 09:47:19,926 autoreload File C:\Users\User\Desktop\cakesTP\project\cakes\main\templates\main\recovery_form_confirm_code.html first seen with mtime 1718838967.099795
DEBUG 2024-06-25 09:47:19,926 autoreload File C:\Users\User\Desktop\cakesTP\project\cakes\main\templates\main\recovery_form_reset_password.html first seen with mtime 1718837417.512384
DEBUG 2024-06-25 09:47:19,927 autoreload File C:\Users\User\Desktop\cakesTP\project\cakes\main\templates\main\registration_form.html first seen with mtime 1719296910.7897987
DEBUG 2024-06-25 09:47:19,927 autoreload File C:\Users\User\Desktop\cakesTP\project\cakes\main\templates\staff\add_cake.html first seen with mtime 1719296910.7918003
DEBUG 2024-06-25 09:47:19,928 autoreload File C:\Users\User\Desktop\cakesTP\project\cakes\main\templates\staff\confirm_delete.html first seen with mtime 1719297789.5769901
DEBUG 2024-06-25 09:47:19,928 autoreload File C:\Users\User\Desktop\cakesTP\project\cakes\main\templates\staff\edit_cake.html first seen with mtime 1719296910.7938004
DEBUG 2024-06-25 09:47:19,928 autoreload File C:\Users\User\Desktop\cakesTP\project\cakes\main\templates\staff\edit_order.html first seen with mtime 1719270654.7454593
DEBUG 2024-06-25 09:47:19,928 autoreload File C:\Users\User\Desktop\cakesTP\project\cakes\main\templates\staff\manage_cakes.html first seen with mtime 1719297789.5899918
DEBUG 2024-06-25 09:47:19,929 autoreload File C:\Users\User\Desktop\cakesTP\project\cakes\main\templates\staff\manage_orders.html first seen with mtime 1719297789.6019945
DEBUG 2024-06-25 09:47:19,929 autoreload File C:\Users\User\Desktop\cakesTP\project\cakes\main\templates\staff\statistics.html first seen with mtime 1719296910.8068051
DEBUG 2024-06-25 09:47:20,682 utils (0.000) SELECT "django_session"."session_key", "django_session"."session_data", "django_session"."expire_date" FROM "django_session" WHERE ("django_session"."expire_date" > '2024-06-25 06:47:20.678161' AND "django_session"."session_key" = 'f9khebw2r8mt2u13dok4avxek2dnx0ab') LIMIT 21; args=('2024-06-25 06:47:20.678161', 'f9khebw2r8mt2u13dok4avxek2dnx0ab'); alias=default
DEBUG 2024-06-25 09:47:20,683 utils (0.000) SELECT "Cake"."cake_ID", "Cake"."weight", "Cake"."cost", "Cake"."layers_count", "Cake"."text", "Cake"."name", "Cake"."constructor_image", "Cake"."preview_image", "Cake"."cake_size_ID", "Cake"."cake_shape_ID", "Cake"."cake_coverage_ID", "Cake"."cake_topping_ID", "Cake"."cake_addition_ID", "Cake"."cake_addition_ID_perimeter" FROM "Cake" LIMIT 5; args=(); alias=default
INFO 2024-06-25 09:47:20,717 basehttp "GET / HTTP/1.1" 200 7956
INFO 2024-06-25 09:47:20,805 basehttp "GET /static/main/style/login.css HTTP/1.1" 304 0
INFO 2024-06-25 09:47:20,805 basehttp "GET /static/main/style/account.css HTTP/1.1" 304 0
INFO 2024-06-25 09:47:20,806 basehttp "GET /static/main/style/register.css HTTP/1.1" 304 0
DEBUG 2024-06-25 09:47:21,098 autoreload File C:\Users\User\Desktop\cakesTP\project\cakes\main\migrations\0003_cake_name_cake_preview_image_alter_order_user.py first seen with mtime 1718897194.8949316
DEBUG 2024-06-25 09:47:21,099 autoreload File C:\Users\User\Desktop\cakesTP\.venv\Lib\site-packages\django\db\models\sql\compiler.py first seen with mtime 1718659995.495753
DEBUG 2024-06-25 09:47:21,099 autoreload File C:\Users\User\Desktop\cakesTP\.venv\Lib\site-packages\django\template\context_processors.py first seen with mtime 1718659995.5832982
DEBUG 2024-06-25 09:47:21,100 autoreload File C:\Users\User\Desktop\cakesTP\.venv\Lib\site-packages\django\db\migrations\executor.py first seen with mtime 1718659995.4536843
DEBUG 2024-06-25 09:47:21,101 autoreload File C:\Users\User\Desktop\cakesTP\.venv\Lib\site-packages\django\db\migrations\recorder.py first seen with mtime 1718659995.4576857
DEBUG 2024-06-25 09:47:21,101 autoreload File C:\Users\User\Desktop\cakesTP\.venv\Lib\site-packages\django\db\migrations\loader.py first seen with mtime 1718659995.4546843
DEBUG 2024-06-25 09:47:21,101 autoreload File C:\Users\User\Desktop\cakesTP\.venv\Lib\site-packages\django\contrib\auth\migrations\0007_alter_validators_add_error_messages.py first seen with mtime 1718659993.7678359
DEBUG 2024-06-25 09:47:21,103 autoreload File C:\Users\User\Desktop\cakesTP\.venv\Lib\site-packages\django\contrib\auth\migrations\0006_require_contenttypes_0002.py first seen with mtime 1718659993.7678359
DEBUG 2024-06-25 09:47:21,103 autoreload File C:\Users\User\AppData\Local\Programs\Python\Python39\Lib\encodings\idna.py first seen with mtime 1652795110.0
DEBUG 2024-06-25 09:47:21,104 autoreload File C:\Users\User\Desktop\cakesTP\.venv\Lib\site-packages\django\contrib\auth\migrations\0004_alter_user_username_opts.py first seen with mtime 1718659993.7668345
DEBUG 2024-06-25 09:47:21,106 autoreload File C:\Users\User\Desktop\cakesTP\.venv\Lib\site-packages\django\db\migrations\graph.py first seen with mtime 1718659995.4546843
DEBUG 2024-06-25 09:47:21,107 autoreload File C:\Users\User\Desktop\cakesTP\.venv\Lib\site-packages\django\contrib\messages\storage\session.py first seen with mtime 1718659994.574163
DEBUG 2024-06-25 09:47:21,107 autoreload File C:\Users\User\AppData\Local\Programs\Python\Python39\Lib\stringprep.py first seen with mtime 1652795110.0
DEBUG 2024-06-25 09:47:21,108 autoreload File C:\Users\User\Desktop\cakesTP\project\cakes\main\migrations\0002_user_groups_user_is_staff_user_last_login_and_more.py first seen with mtime 1718659537.1493464
DEBUG 2024-06-25 09:47:21,109 autoreload File C:\Users\User\Desktop\cakesTP\.venv\Lib\site-packages\django\contrib\auth\migrations\__init__.py first seen with mtime 1718659993.771836
DEBUG 2024-06-25 09:47:21,110 autoreload File C:\Users\User\Desktop\cakesTP\.venv\Lib\site-packages\django\contrib\auth\migrations\0005_alter_user_last_login_null.py first seen with mtime 1718659993.7668345
DEBUG 2024-06-25 09:47:21,110 autoreload File C:\Users\User\Desktop\cakesTP\.venv\Lib\site-packages\django\contrib\auth\migrations\0010_alter_group_name_max_length.py first seen with mtime 1718659993.7698357
DEBUG 2024-06-25 09:47:21,112 autoreload File C:\Users\User\Desktop\cakesTP\.venv\Lib\site-packages\django\contrib\messages\middleware.py first seen with mtime 1718659994.5701618
DEBUG 2024-06-25 09:47:21,112 autoreload File C:\Users\User\Desktop\cakesTP\.venv\Lib\site-packages\django\contrib\contenttypes\migrations\0002_remove_content_type_name.py first seen with mtime 1718659993.963084
DEBUG 2024-06-25 09:47:21,113 autoreload File C:\Users\User\Desktop\cakesTP\.venv\Lib\site-packages\django\contrib\admin\migrations\0002_logentry_remove_auto_add.py first seen with mtime 1718659993.2506948
DEBUG 2024-06-25 09:47:21,114 autoreload File C:\Users\User\Desktop\cakesTP\.venv\Lib\site-packages\django\contrib\auth\migrations\0008_alter_user_username_max_length.py first seen with mtime 1718659993.7688358
DEBUG 2024-06-25 09:47:21,117 autoreload File C:\Users\User\Desktop\cakesTP\.venv\Lib\site-packages\django\middleware\clickjacking.py first seen with mtime 1718659995.575296
DEBUG 2024-06-25 09:47:21,118 autoreload File C:\Users\User\Desktop\cakesTP\.venv\Lib\site-packages\django\contrib\messages\storage\fallback.py first seen with mtime 1718659994.574163
DEBUG 2024-06-25 09:47:21,120 autoreload File C:\Users\User\Desktop\cakesTP\.venv\Lib\site-packages\django\conf\locale\en\__init__.py first seen with mtime 1718659992.606501
DEBUG 2024-06-25 09:47:21,121 autoreload File C:\Users\User\Desktop\cakesTP\.venv\Lib\site-packages\django\contrib\sessions\migrations\__init__.py first seen with mtime 1718659995.1147647
DEBUG 2024-06-25 09:47:21,123 autoreload File C:\Users\User\Desktop\cakesTP\.venv\Lib\site-packages\django\contrib\admin\migrations\0003_logentry_add_action_flag_choices.py first seen with mtime 1718659993.2516947
DEBUG 2024-06-25 09:47:21,124 autoreload File C:\Users\User\Desktop\cakesTP\.venv\Lib\site-packages\django\conf\locale\en\formats.py first seen with mtime 1718659992.6075013
DEBUG 2024-06-25 09:47:21,124 autoreload File C:\Users\User\Desktop\cakesTP\.venv\Lib\site-packages\django\contrib\auth\migrations\0003_alter_user_email_max_length.py first seen with mtime 1718659993.765835
DEBUG 2024-06-25 09:47:21,126 autoreload File C:\Users\User\Desktop\cakesTP\project\cakes\main\migrations\__init__.py first seen with mtime 1718659537.1503458
DEBUG 2024-06-25 09:47:21,127 autoreload File C:\Users\User\Desktop\cakesTP\.venv\Lib\site-packages\django\contrib\auth\migrations\0012_alter_user_first_name_max_length.py first seen with mtime 1718659993.770836
DEBUG 2024-06-25 09:47:21,128 autoreload File C:\Users\User\Desktop\cakesTP\.venv\Lib\site-packages\django\contrib\auth\migrations\0009_alter_user_last_name_max_length.py first seen with mtime 1718659993.7698357
DEBUG 2024-06-25 09:47:21,129 autoreload File C:\Users\User\Desktop\cakesTP\.venv\Lib\site-packages\django\contrib\sessions\serializers.py first seen with mtime 1718659994.9148893
DEBUG 2024-06-25 09:47:21,130 autoreload File C:\Users\User\Desktop\cakesTP\.venv\Lib\site-packages\django\contrib\admin\migrations\__init__.py first seen with mtime 1718659993.2516947
DEBUG 2024-06-25 09:47:21,131 autoreload File C:\Users\User\Desktop\cakesTP\.venv\Lib\site-packages\django\contrib\auth\context_processors.py first seen with mtime 1718659993.5866919
DEBUG 2024-06-25 09:47:21,132 autoreload File C:\Users\User\Desktop\cakesTP\.venv\Lib\site-packages\django\contrib\auth\migrations\0001_initial.py first seen with mtime 1718659993.76488
DEBUG 2024-06-25 09:47:21,133 autoreload File C:\Users\User\Desktop\cakesTP\project\cakes\main\migrations\0001_initial.py first seen with mtime 1718659537.1493464
DEBUG 2024-06-25 09:47:21,134 autoreload File C:\Users\User\Desktop\cakesTP\.venv\Lib\site-packages\django\contrib\contenttypes\migrations\__init__.py first seen with mtime 1718659993.963084
DEBUG 2024-06-25 09:47:21,134 autoreload File C:\Users\User\Desktop\cakesTP\.venv\Lib\site-packages\django\contrib\auth\migrations\0011_update_proxy_permissions.py first seen with mtime 1718659993.770836
DEBUG 2024-06-25 09:47:21,134 autoreload File C:\Users\User\Desktop\cakesTP\.venv\Lib\site-packages\django\middleware\common.py first seen with mtime 1718659995.575296
DEBUG 2024-06-25 09:47:21,137 autoreload File C:\Users\User\Desktop\cakesTP\project\cakes\cakes\wsgi.py first seen with mtime 1718659537.1453445
DEBUG 2024-06-25 09:47:21,139 autoreload File C:\Users\User\Desktop\cakesTP\.venv\Lib\site-packages\django\contrib\admin\migrations\0001_initial.py first seen with mtime 1718659993.2496958
DEBUG 2024-06-25 09:47:21,141 autoreload File C:\Users\User\Desktop\cakesTP\.venv\Lib\site-packages\django\contrib\sessions\backends\db.py first seen with mtime 1718659994.9178903
DEBUG 2024-06-25 09:47:21,142 autoreload File C:\Users\User\Desktop\cakesTP\.venv\Lib\site-packages\django\contrib\contenttypes\migrations\0001_initial.py first seen with mtime 1718659993.962036
DEBUG 2024-06-25 09:47:21,143 autoreload File C:\Users\User\Desktop\cakesTP\.venv\Lib\site-packages\django\contrib\messages\storage\cookie.py first seen with mtime 1718659994.5731626
DEBUG 2024-06-25 09:47:21,143 autoreload File C:\Users\User\Desktop\cakesTP\.venv\Lib\site-packages\django\contrib\auth\migrations\0002_alter_permission_name_max_length.py first seen with mtime 1718659993.76488
DEBUG 2024-06-25 09:47:21,144 autoreload File C:\Users\User\Desktop\cakesTP\.venv\Lib\site-packages\django\contrib\messages\context_processors.py first seen with mtime 1718659994.5691614
DEBUG 2024-06-25 09:47:21,145 autoreload File C:\Users\User\Desktop\cakesTP\.venv\Lib\site-packages\django\contrib\sessions\migrations\0001_initial.py first seen with mtime 1718659995.1147647
DEBUG 2024-06-25 09:47:21,145 autoreload File C:\Users\User\Desktop\cakesTP\.venv\Lib\site-packages\django\contrib\staticfiles\storage.py first seen with mtime 1718659995.3062477
DEBUG 2024-06-25 09:47:23,775 utils (0.000) SELECT "Cake"."cake_ID", "Cake"."weight", "Cake"."cost", "Cake"."layers_count", "Cake"."text", "Cake"."name", "Cake"."constructor_image", "Cake"."preview_image", "Cake"."cake_size_ID", "Cake"."cake_shape_ID", "Cake"."cake_coverage_ID", "Cake"."cake_topping_ID", "Cake"."cake_addition_ID", "Cake"."cake_addition_ID_perimeter" FROM "Cake"; args=(); alias=default
DEBUG 2024-06-25 09:47:23,794 base Exception while resolving variable 'search' in template 'main/catalog.html'.
Traceback (most recent call last):
  File "C:\Users\User\Desktop\cakesTP\.venv\lib\site-packages\django\utils\datastructures.py", line 84, in __getitem__
    list_ = super().__getitem__(key)
KeyError: 'search'

During handling of the above exception, another exception occurred:

Traceback (most recent call last):
  File "C:\Users\User\Desktop\cakesTP\.venv\lib\site-packages\django\template\base.py", line 880, in _resolve_lookup
    current = current[bit]
  File "C:\Users\User\Desktop\cakesTP\.venv\lib\site-packages\django\utils\datastructures.py", line 86, in __getitem__
    raise MultiValueDictKeyError(key)
django.utils.datastructures.MultiValueDictKeyError: 'search'

During handling of the above exception, another exception occurred:

Traceback (most recent call last):
  File "C:\Users\User\Desktop\cakesTP\.venv\lib\site-packages\django\template\base.py", line 890, in _resolve_lookup
    current = getattr(current, bit)
AttributeError: 'QueryDict' object has no attribute 'search'

During handling of the above exception, another exception occurred:

Traceback (most recent call last):
  File "C:\Users\User\Desktop\cakesTP\.venv\lib\site-packages\django\template\base.py", line 896, in _resolve_lookup
    current = current[int(bit)]
ValueError: invalid literal for int() with base 10: 'search'

During handling of the above exception, another exception occurred:

Traceback (most recent call last):
  File "C:\Users\User\Desktop\cakesTP\.venv\lib\site-packages\django\template\base.py", line 903, in _resolve_lookup
    raise VariableDoesNotExist(
django.template.base.VariableDoesNotExist: Failed lookup for key [search] in <QueryDict: {}>
INFO 2024-06-25 09:47:23,823 basehttp "GET /catalog/ HTTP/1.1" 200 54672
WARNING 2024-06-25 09:47:23,892 basehttp "GET /static/default_image HTTP/1.1" 404 1798
WARNING 2024-06-25 09:47:23,894 basehttp "GET /static/test_preview.png HTTP/1.1" 404 1807
WARNING 2024-06-25 09:47:23,933 basehttp "GET /static/test_preview.png HTTP/1.1" 404 1807
DEBUG 2024-06-25 09:48:07,003 utils (0.000) SELECT "Cake"."cake_ID", "Cake"."weight", "Cake"."cost", "Cake"."layers_count", "Cake"."text", "Cake"."name", "Cake"."constructor_image", "Cake"."preview_image", "Cake"."cake_size_ID", "Cake"."cake_shape_ID", "Cake"."cake_coverage_ID", "Cake"."cake_topping_ID", "Cake"."cake_addition_ID", "Cake"."cake_addition_ID_perimeter" FROM "Cake"; args=(); alias=default
DEBUG 2024-06-25 09:48:07,004 base Exception while resolving variable 'search' in template 'main/catalog.html'.
Traceback (most recent call last):
  File "C:\Users\User\Desktop\cakesTP\.venv\lib\site-packages\django\utils\datastructures.py", line 84, in __getitem__
    list_ = super().__getitem__(key)
KeyError: 'search'

During handling of the above exception, another exception occurred:

Traceback (most recent call last):
  File "C:\Users\User\Desktop\cakesTP\.venv\lib\site-packages\django\template\base.py", line 880, in _resolve_lookup
    current = current[bit]
  File "C:\Users\User\Desktop\cakesTP\.venv\lib\site-packages\django\utils\datastructures.py", line 86, in __getitem__
    raise MultiValueDictKeyError(key)
django.utils.datastructures.MultiValueDictKeyError: 'search'

During handling of the above exception, another exception occurred:

Traceback (most recent call last):
  File "C:\Users\User\Desktop\cakesTP\.venv\lib\site-packages\django\template\base.py", line 890, in _resolve_lookup
    current = getattr(current, bit)
AttributeError: 'QueryDict' object has no attribute 'search'

During handling of the above exception, another exception occurred:

Traceback (most recent call last):
  File "C:\Users\User\Desktop\cakesTP\.venv\lib\site-packages\django\template\base.py", line 896, in _resolve_lookup
    current = current[int(bit)]
ValueError: invalid literal for int() with base 10: 'search'

During handling of the above exception, another exception occurred:

Traceback (most recent call last):
  File "C:\Users\User\Desktop\cakesTP\.venv\lib\site-packages\django\template\base.py", line 903, in _resolve_lookup
    raise VariableDoesNotExist(
django.template.base.VariableDoesNotExist: Failed lookup for key [search] in <QueryDict: {}>
INFO 2024-06-25 09:48:07,008 basehttp "GET /catalog/ HTTP/1.1" 200 14205
INFO 2024-06-25 09:48:07,067 basehttp "GET /static/main/img/main_logo.png HTTP/1.1" 304 0
INFO 2024-06-25 09:48:07,068 basehttp "GET /static/main/style/login.css HTTP/1.1" 304 0
INFO 2024-06-25 09:48:07,069 basehttp "GET /static/main/img/cakes/cake_1.jpg HTTP/1.1" 304 0
INFO 2024-06-25 09:48:07,070 basehttp "GET /static/main/style/account.css HTTP/1.1" 304 0
INFO 2024-06-25 09:48:07,071 basehttp "GET /static/main/style/register.css HTTP/1.1" 304 0
INFO 2024-06-25 09:48:07,081 basehttp "GET /static/main/img/cakes/cake_3.jpg HTTP/1.1" 304 0
INFO 2024-06-25 09:48:07,081 basehttp "GET /static/main/img/cakes/cake_2.jpg HTTP/1.1" 304 0
INFO 2024-06-25 09:48:07,082 basehttp "GET /static/main/img/cakes/chocolade.jpg HTTP/1.1" 304 0
INFO 2024-06-25 09:48:07,083 basehttp "GET /static/main/img/cakes/kream.jpg HTTP/1.1" 304 0
INFO 2024-06-25 09:48:09,201 basehttp "GET /constructor/ HTTP/1.1" 200 8882
INFO 2024-06-25 09:48:09,235 basehttp "GET /static/main/js/constructor.js HTTP/1.1" 304 0
DEBUG 2024-06-25 09:48:09,276 utils (0.000) SELECT "Layer_base"."layer_base_ID", "Layer_base"."ingridient", "Layer_base"."cost_per_gram", "Layer_base"."density", "Layer_base"."primary_color", "Layer_base"."secondary_color" FROM "Layer_base"; args=(); alias=default
DEBUG 2024-06-25 09:48:09,277 utils (0.000) SELECT "Layer_filling"."layer_filling_ID", "Layer_filling"."ingridient", "Layer_filling"."cost_per_gram", "Layer_filling"."density", "Layer_filling"."primary_color", "Layer_filling"."secondary_color" FROM "Layer_filling"; args=(); alias=default
DEBUG 2024-06-25 09:48:09,279 utils (0.000) SELECT "Cake_size"."cake_size_ID", "Cake_size"."type", "Cake_size"."base_area" FROM "Cake_size"; args=(); alias=default
DEBUG 2024-06-25 09:48:09,280 utils (0.000) SELECT "Cake_shape"."cake_shape_ID", "Cake_shape"."shape", "Cake_shape"."cost", "Cake_shape"."texture_path" FROM "Cake_shape"; args=(); alias=default
DEBUG 2024-06-25 09:48:09,282 utils (0.000) SELECT "Cake_topping"."Cake_topping_ID", "Cake_topping"."ingridient", "Cake_topping"."cost_per_gram", "Cake_topping"."density", "Cake_topping"."primary_color", "Cake_topping"."texture_path" FROM "Cake_topping"; args=(); alias=default
DEBUG 2024-06-25 09:48:09,283 utils (0.000) SELECT "Cake_addition"."cake_addition_ID", "Cake_addition"."ingridient", "Cake_addition"."cost_per_gram", "Cake_addition"."primary_color", "Cake_addition"."secondary_color", "Cake_addition"."texture_side_path", "Cake_addition"."texture_top_path", "Cake_addition"."amount" FROM "Cake_addition"; args=(); alias=default
DEBUG 2024-06-25 09:48:09,286 utils (0.000) SELECT "Cake_coverage"."Cake_coverage_ID", "Cake_coverage"."ingridient", "Cake_coverage"."cost_per_gram", "Cake_coverage"."density", "Cake_coverage"."primary_color", "Cake_coverage"."secondary_color" FROM "Cake_coverage"; args=(); alias=default
INFO 2024-06-25 09:48:09,289 basehttp "GET /api/cake-components/ HTTP/1.1" 200 3838
DEBUG 2024-06-25 09:48:12,651 utils (0.032) INSERT INTO "Cake" ("weight", "cost", "layers_count", "text", "name", "constructor_image", "preview_image", "cake_size_ID", "cake_shape_ID", "cake_coverage_ID", "cake_topping_ID", "cake_addition_ID", "cake_addition_ID_perimeter") VALUES (2900, '1032.67', 3, '', 'Cake', 'default_image', 'default_image', 2, 1, 4, 4, 5, 6) RETURNING "Cake"."cake_ID"; args=(2900, '1032.67', 3, '', 'Cake', 'default_image', 'default_image', 2, 1, 4, 4, 5, 6); alias=default
DEBUG 2024-06-25 09:48:12,660 utils (0.000) SELECT 1 AS "a" FROM "django_session" WHERE "django_session"."session_key" = 'ss4a0jiuz3rr1wliwl72fq77cstny655' LIMIT 1; args=(1, 'ss4a0jiuz3rr1wliwl72fq77cstny655'); alias=default
DEBUG 2024-06-25 09:48:12,660 utils (0.000) BEGIN; args=None; alias=default
DEBUG 2024-06-25 09:48:12,662 utils (0.000) INSERT INTO "django_session" ("session_key", "session_data", "expire_date") VALUES ('ss4a0jiuz3rr1wliwl72fq77cstny655', 'eyJjYXJ0Ijp7IjE0MiI6MX19:1sLzyO:pgZAm3O2rbKg3--H8nhzAQnNoWihqq_zGCIek7vfvzo', '2024-07-09 06:48:12.660118'); args=('ss4a0jiuz3rr1wliwl72fq77cstny655', 'eyJjYXJ0Ijp7IjE0MiI6MX19:1sLzyO:pgZAm3O2rbKg3--H8nhzAQnNoWihqq_zGCIek7vfvzo', '2024-07-09 06:48:12.660118'); alias=default
DEBUG 2024-06-25 09:48:12,667 utils (0.000) COMMIT; args=None; alias=default
INFO 2024-06-25 09:48:12,668 basehttp "POST /cart/add/ HTTP/1.1" 200 138
DEBUG 2024-06-25 09:48:15,571 utils (0.000) SELECT "django_session"."session_key", "django_session"."session_data", "django_session"."expire_date" FROM "django_session" WHERE ("django_session"."expire_date" > '2024-06-25 06:48:15.565651' AND "django_session"."session_key" = 'ss4a0jiuz3rr1wliwl72fq77cstny655') LIMIT 21; args=('2024-06-25 06:48:15.565651', 'ss4a0jiuz3rr1wliwl72fq77cstny655'); alias=default
DEBUG 2024-06-25 09:48:15,572 utils (0.000) SELECT "Cake"."cake_ID", "Cake"."weight", "Cake"."cost", "Cake"."layers_count", "Cake"."text", "Cake"."name", "Cake"."constructor_image", "Cake"."preview_image", "Cake"."cake_size_ID", "Cake"."cake_shape_ID", "Cake"."cake_coverage_ID", "Cake"."cake_topping_ID", "Cake"."cake_addition_ID", "Cake"."cake_addition_ID_perimeter" FROM "Cake" WHERE "Cake"."cake_ID" IN (142); args=(142,); alias=default
INFO 2024-06-25 09:48:15,576 basehttp "GET /cart/ HTTP/1.1" 200 4734
WARNING 2024-06-25 09:48:15,614 basehttp "GET /static/default_image HTTP/1.1" 404 1798
